<?xml version="1.0" encoding="UTF-8"?>
<testsuites name="VerifyHomeAndLoginEles" time="78.419" tests="6" failures="0" errors="0">
   <testsuite name="VerifyElements" tests="2" failures="0" errors="0" time="21.438" skipped="0" timestamp="2023-10-11 12:57:36" hostname="aamirzadehasl - USLMAAAMIRZADE1.us.deloitte.com" id="Test Suites/VerifyElements">
      <properties>
         <property name="deviceName" value=""/>
         <property name="devicePlatform" value=""/>
         <property name="logFolder" value="C:\\Users\\aamirzadehasl\\git\\tutorialKatolon2\\Reports\\20231011_125727\\VerifyElements\\20231011_125728"/>
         <property name="logFiles" value="C:\\Users\\aamirzadehasl\\git\\tutorialKatolon2\\Reports\\20231011_125727\\VerifyElements\\20231011_125728\\execution0.log"/>
         <property name="attachments" value="keyes\keyes-homepage.png, keyes\keyes-homepage.png"/>
         <property name="hostName" value="aamirzadehasl - USLMAAAMIRZADE1.us.deloitte.com"/>
         <property name="os" value="Windows 10 64bit"/>
         <property name="katalonVersion" value="8.6.8.208"/>
         <property name="browser" value="Chrome 117.0.0.0"/>
         <property name="hostAddress" value="10.0.0.113"/>
         <property name="sessionId" value="eebce9fa8afa563c5af04d9ec96abb19"/>
         <property name="seleniumVersion" value="3.141.59"/>
         <property name="proxyInformation" value="ProxyInformation { proxyOption=NO_PROXY, proxyServerType=HTTP, username=, password=********, proxyServerAddress=, proxyServerPort=0, executionList=&quot;&quot;, isApplyToDesiredCapabilities=true }"/>
         <property name="platform" value="Windows 10"/>
      </properties>
      <testcase name="Test Cases/VerifyHomePagePresent" time="11.362" classname="Test Cases/VerifyHomePagePresent" status="PASSED">
         <system-out><![CDATA[2023-10-11 12:57:36 - [TEST_CASE][PASSED] - Test Cases/VerifyHomePagePresent: Test Cases/VerifyHomePagePresent

2023-10-11 12:57:37 - [TEST_STEP][PASSED] - callTestCase(findTestCase("OpenToWebsite"), [:], STOP_ON_FAILURE): Call Test Case 'Test Cases/OpenToWebsite' successfully

2023-10-11 12:57:37 - [TEST_CASE][PASSED] - Test Cases/OpenToWebsite: Test Cases/OpenToWebsite

2023-10-11 12:57:37 - [TEST_STEP][PASSED] - openBrowser(""): Browser is opened with url: ''

2023-10-11 12:57:37 - [MESSAGE][INFO] - Starting 'Chrome' driver

2023-10-11 12:57:38 - [MESSAGE][INFO] - Action delay is set to 0 milliseconds

2023-10-11 12:57:40 - [MESSAGE][PASSED] - Browser is opened with url: ''

2023-10-11 12:57:40 - [TEST_STEP][PASSED] - maximizeWindow(): Current window maximized

2023-10-11 12:57:41 - [MESSAGE][PASSED] - Current window maximized

2023-10-11 12:57:41 - [TEST_STEP][PASSED] - navigateToUrl("http://demoaut.katalon.com/"): Navigate to 'http://demoaut.katalon.com/' successfully

2023-10-11 12:57:42 - [MESSAGE][PASSED] - Navigate to 'http://demoaut.katalon.com/' successfully

2023-10-11 12:57:42 - [MESSAGE][PASSED] - Call Test Case 'Test Cases/OpenToWebsite' successfully

2023-10-11 12:57:42 - [TEST_STEP][PASSED] - maximizeWindow(): Current window maximized

2023-10-11 12:57:42 - [MESSAGE][PASSED] - Current window maximized

2023-10-11 12:57:42 - [TEST_STEP][PASSED] - waitForPageLoad(0): Wait for page load successfully

2023-10-11 12:57:42 - [MESSAGE][WARNING] - Timeout '0' is invalid. Using default page load timeout: '30'

2023-10-11 12:57:42 - [MESSAGE][PASSED] - Wait for page load successfully

2023-10-11 12:57:42 - [TEST_STEP][PASSED] - takeFullPageScreenshotAsCheckpoint("homepage", []): Taking screenshot successfully

2023-10-11 12:57:42 - [MESSAGE][INFO] - 0 hidden object(s)

2023-10-11 12:57:44 - [MESSAGE][INFO] - 0 hidden object(s)

2023-10-11 12:57:44 - [MESSAGE][PASSED] - Taking screenshot successfully
[[ATTACHMENT|keyes\keyes-homepage.png]]

2023-10-11 12:57:44 - [TEST_STEP][PASSED] - verifyElementPresent(findTestObject("Object Repository/Page_CURA Healthcare Service/h1_CURA Healthcare Service"), 0): Object 'Object Repository/Page_CURA Healthcare Service/h1_CURA Healthcare Service' is present

2023-10-11 12:57:44 - [MESSAGE][WARNING] - Timeout '0' is invalid. Using default page load timeout: '30'

2023-10-11 12:57:44 - [MESSAGE][PASSED] - Object 'Object Repository/Page_CURA Healthcare Service/h1_CURA Healthcare Service' is present

2023-10-11 12:57:44 - [TEST_STEP][PASSED] - verifyElementPresent(findTestObject("Object Repository/Page_CURA Healthcare Service/h3_We Care About Your Health"), 0): Object 'Object Repository/Page_CURA Healthcare Service/h3_We Care About Your Health' is present

2023-10-11 12:57:44 - [MESSAGE][WARNING] - Timeout '0' is invalid. Using default page load timeout: '30'

2023-10-11 12:57:45 - [MESSAGE][PASSED] - Object 'Object Repository/Page_CURA Healthcare Service/h3_We Care About Your Health' is present

2023-10-11 12:57:45 - [TEST_STEP][PASSED] - verifyElementPresent(findTestObject("Object Repository/Page_CURA Healthcare Service/a_Make Appointment"), 0): Object 'Object Repository/Page_CURA Healthcare Service/a_Make Appointment' is present

2023-10-11 12:57:45 - [MESSAGE][WARNING] - Timeout '0' is invalid. Using default page load timeout: '30'

2023-10-11 12:57:45 - [MESSAGE][PASSED] - Object 'Object Repository/Page_CURA Healthcare Service/a_Make Appointment' is present

2023-10-11 12:57:45 - [TEST_STEP][PASSED] - verifyElementPresent(findTestObject("Object Repository/Page_CURA Healthcare Service/strong_CURA Healthcare Service"), 0): Object 'Object Repository/Page_CURA Healthcare Service/strong_CURA Healthcare Service' is present

2023-10-11 12:57:45 - [MESSAGE][WARNING] - Timeout '0' is invalid. Using default page load timeout: '30'

2023-10-11 12:57:45 - [MESSAGE][PASSED] - Object 'Object Repository/Page_CURA Healthcare Service/strong_CURA Healthcare Service' is present

2023-10-11 12:57:45 - [TEST_STEP][PASSED] - verifyElementPresent(findTestObject("Object Repository/Page_CURA Healthcare Service/p_Atlanta 550 Pharr Road NE Suite 525Atlant_8f4c85"), 0): Object 'Object Repository/Page_CURA Healthcare Service/p_Atlanta 550 Pharr Road NE Suite 525Atlant_8f4c85' is present

2023-10-11 12:57:45 - [MESSAGE][WARNING] - Timeout '0' is invalid. Using default page load timeout: '30'

2023-10-11 12:57:46 - [MESSAGE][PASSED] - Object 'Object Repository/Page_CURA Healthcare Service/p_Atlanta 550 Pharr Road NE Suite 525Atlant_8f4c85' is present

2023-10-11 12:57:46 - [TEST_STEP][PASSED] - verifyElementPresent(findTestObject("Object Repository/Page_CURA Healthcare Service/li_(678) 813-1KMS"), 0): Object 'Object Repository/Page_CURA Healthcare Service/li_(678) 813-1KMS' is present

2023-10-11 12:57:46 - [MESSAGE][WARNING] - Timeout '0' is invalid. Using default page load timeout: '30'

2023-10-11 12:57:46 - [MESSAGE][PASSED] - Object 'Object Repository/Page_CURA Healthcare Service/li_(678) 813-1KMS' is present

2023-10-11 12:57:46 - [TEST_STEP][PASSED] - verifyElementPresent(findTestObject("Object Repository/Page_CURA Healthcare Service/li_infokatalon.com"), 0): Object 'Object Repository/Page_CURA Healthcare Service/li_infokatalon.com' is present

2023-10-11 12:57:46 - [MESSAGE][WARNING] - Timeout '0' is invalid. Using default page load timeout: '30'

2023-10-11 12:57:46 - [MESSAGE][PASSED] - Object 'Object Repository/Page_CURA Healthcare Service/li_infokatalon.com' is present

2023-10-11 12:57:46 - [TEST_STEP][PASSED] - verifyElementPresent(findTestObject("Object Repository/Page_CURA Healthcare Service/ul_infokatalon.com_list-inline"), 0): Object 'Object Repository/Page_CURA Healthcare Service/ul_infokatalon.com_list-inline' is present

2023-10-11 12:57:46 - [MESSAGE][WARNING] - Timeout '0' is invalid. Using default page load timeout: '30'

2023-10-11 12:57:47 - [MESSAGE][PASSED] - Object 'Object Repository/Page_CURA Healthcare Service/ul_infokatalon.com_list-inline' is present

2023-10-11 12:57:47 - [TEST_STEP][PASSED] - verifyElementPresent(findTestObject("Object Repository/Page_CURA Healthcare Service/p_Copyright  CURA Healthcare Service 2023"), 0): Object 'Object Repository/Page_CURA Healthcare Service/p_Copyright  CURA Healthcare Service 2023' is present

2023-10-11 12:57:47 - [MESSAGE][WARNING] - Timeout '0' is invalid. Using default page load timeout: '30'

2023-10-11 12:57:47 - [MESSAGE][PASSED] - Object 'Object Repository/Page_CURA Healthcare Service/p_Copyright  CURA Healthcare Service 2023' is present

2023-10-11 12:57:47 - [TEST_STEP][PASSED] - closeBrowser(): Browser is closed

2023-10-11 12:57:48 - [MESSAGE][PASSED] - Browser is closed]]></system-out>
         <system-err><![CDATA[]]></system-err>
      </testcase>
      <testcase name="Test Cases/VerifyHomePageVisible" time="9.8" classname="Test Cases/VerifyHomePageVisible" status="PASSED">
         <system-out><![CDATA[2023-10-11 12:57:48 - [TEST_CASE][PASSED] - Test Cases/VerifyHomePageVisible: Test Cases/VerifyHomePageVisible

2023-10-11 12:57:48 - [TEST_STEP][PASSED] - callTestCase(findTestCase("OpenToWebsite"), [:], STOP_ON_FAILURE): Call Test Case 'Test Cases/OpenToWebsite' successfully

2023-10-11 12:57:48 - [TEST_CASE][PASSED] - Test Cases/OpenToWebsite: Test Cases/OpenToWebsite

2023-10-11 12:57:48 - [TEST_STEP][PASSED] - openBrowser(""): Browser is opened with url: ''

2023-10-11 12:57:48 - [MESSAGE][INFO] - Starting 'Chrome' driver

2023-10-11 12:57:48 - [MESSAGE][INFO] - Action delay is set to 0 milliseconds

2023-10-11 12:57:50 - [MESSAGE][PASSED] - Browser is opened with url: ''

2023-10-11 12:57:50 - [TEST_STEP][PASSED] - maximizeWindow(): Current window maximized

2023-10-11 12:57:50 - [MESSAGE][PASSED] - Current window maximized

2023-10-11 12:57:50 - [TEST_STEP][PASSED] - navigateToUrl("http://demoaut.katalon.com/"): Navigate to 'http://demoaut.katalon.com/' successfully

2023-10-11 12:57:52 - [MESSAGE][PASSED] - Navigate to 'http://demoaut.katalon.com/' successfully

2023-10-11 12:57:52 - [MESSAGE][PASSED] - Call Test Case 'Test Cases/OpenToWebsite' successfully

2023-10-11 12:57:52 - [TEST_STEP][PASSED] - waitForPageLoad(0): Wait for page load successfully

2023-10-11 12:57:52 - [MESSAGE][WARNING] - Timeout '0' is invalid. Using default page load timeout: '30'

2023-10-11 12:57:52 - [MESSAGE][PASSED] - Wait for page load successfully

2023-10-11 12:57:52 - [TEST_STEP][PASSED] - takeFullPageScreenshotAsCheckpoint("homepage", []): Taking screenshot successfully

2023-10-11 12:57:52 - [MESSAGE][INFO] - 0 hidden object(s)

2023-10-11 12:57:53 - [MESSAGE][INFO] - 0 hidden object(s)

2023-10-11 12:57:54 - [MESSAGE][PASSED] - Taking screenshot successfully
[[ATTACHMENT|keyes\keyes-homepage.png]]

2023-10-11 12:57:54 - [TEST_STEP][PASSED] - verifyElementVisible(findTestObject("Object Repository/Page_CURA Healthcare Service/h1_CURA Healthcare Service")): Object 'Object Repository/Page_CURA Healthcare Service/h1_CURA Healthcare Service' is visible

2023-10-11 12:57:54 - [MESSAGE][PASSED] - Object 'Object Repository/Page_CURA Healthcare Service/h1_CURA Healthcare Service' is visible

2023-10-11 12:57:54 - [TEST_STEP][PASSED] - verifyElementVisible(findTestObject("Object Repository/Page_CURA Healthcare Service/h3_We Care About Your Health"), STOP_ON_FAILURE): Object 'Object Repository/Page_CURA Healthcare Service/h3_We Care About Your Health' is visible

2023-10-11 12:57:54 - [MESSAGE][PASSED] - Object 'Object Repository/Page_CURA Healthcare Service/h3_We Care About Your Health' is visible

2023-10-11 12:57:54 - [TEST_STEP][PASSED] - verifyElementVisible(findTestObject("Object Repository/Page_CURA Healthcare Service/a_Make Appointment"), STOP_ON_FAILURE): Object 'Object Repository/Page_CURA Healthcare Service/a_Make Appointment' is visible

2023-10-11 12:57:55 - [MESSAGE][PASSED] - Object 'Object Repository/Page_CURA Healthcare Service/a_Make Appointment' is visible

2023-10-11 12:57:55 - [TEST_STEP][PASSED] - verifyElementVisible(findTestObject("Object Repository/Page_CURA Healthcare Service/strong_CURA Healthcare Service"), STOP_ON_FAILURE): Object 'Object Repository/Page_CURA Healthcare Service/strong_CURA Healthcare Service' is visible

2023-10-11 12:57:55 - [MESSAGE][PASSED] - Object 'Object Repository/Page_CURA Healthcare Service/strong_CURA Healthcare Service' is visible

2023-10-11 12:57:55 - [TEST_STEP][PASSED] - verifyElementVisible(findTestObject("Object Repository/Page_CURA Healthcare Service/p_Atlanta 550 Pharr Road NE Suite 525Atlant_8f4c85"), STOP_ON_FAILURE): Object 'Object Repository/Page_CURA Healthcare Service/p_Atlanta 550 Pharr Road NE Suite 525Atlant_8f4c85' is visible

2023-10-11 12:57:55 - [MESSAGE][PASSED] - Object 'Object Repository/Page_CURA Healthcare Service/p_Atlanta 550 Pharr Road NE Suite 525Atlant_8f4c85' is visible

2023-10-11 12:57:55 - [TEST_STEP][PASSED] - verifyElementVisible(findTestObject("Object Repository/Page_CURA Healthcare Service/li_(678) 813-1KMS"), STOP_ON_FAILURE): Object 'Object Repository/Page_CURA Healthcare Service/li_(678) 813-1KMS' is visible

2023-10-11 12:57:56 - [MESSAGE][PASSED] - Object 'Object Repository/Page_CURA Healthcare Service/li_(678) 813-1KMS' is visible

2023-10-11 12:57:56 - [TEST_STEP][PASSED] - verifyElementVisible(findTestObject("Object Repository/Page_CURA Healthcare Service/li_infokatalon.com"), STOP_ON_FAILURE): Object 'Object Repository/Page_CURA Healthcare Service/li_infokatalon.com' is visible

2023-10-11 12:57:56 - [MESSAGE][PASSED] - Object 'Object Repository/Page_CURA Healthcare Service/li_infokatalon.com' is visible

2023-10-11 12:57:56 - [TEST_STEP][PASSED] - verifyElementVisible(findTestObject("Object Repository/Page_CURA Healthcare Service/ul_infokatalon.com_list-inline"), STOP_ON_FAILURE): Object 'Object Repository/Page_CURA Healthcare Service/ul_infokatalon.com_list-inline' is visible

2023-10-11 12:57:56 - [MESSAGE][PASSED] - Object 'Object Repository/Page_CURA Healthcare Service/ul_infokatalon.com_list-inline' is visible

2023-10-11 12:57:56 - [TEST_STEP][PASSED] - verifyElementVisible(findTestObject("Object Repository/Page_CURA Healthcare Service/p_Copyright  CURA Healthcare Service 2023"), STOP_ON_FAILURE): Object 'Object Repository/Page_CURA Healthcare Service/p_Copyright  CURA Healthcare Service 2023' is visible

2023-10-11 12:57:57 - [MESSAGE][PASSED] - Object 'Object Repository/Page_CURA Healthcare Service/p_Copyright  CURA Healthcare Service 2023' is visible

2023-10-11 12:57:57 - [TEST_STEP][PASSED] - closeBrowser(): Browser is closed

2023-10-11 12:57:57 - [MESSAGE][PASSED] - Browser is closed]]></system-out>
         <system-err><![CDATA[]]></system-err>
      </testcase>
      <system-out><![CDATA[2023-10-11 12:57:36 - [TEST_SUITE][PASSED] - VerifyElements: Test Cases/VerifyHomePageVisible]]></system-out>
      <system-err><![CDATA[]]></system-err>
   </testsuite>
   <testsuite name="VerifyLoginEles" tests="2" failures="0" errors="0" time="27.322" skipped="0" timestamp="2023-10-11 12:58:01" hostname="aamirzadehasl - USLMAAAMIRZADE1.us.deloitte.com" id="Test Suites/VerifyLoginEles">
      <properties>
         <property name="deviceName" value=""/>
         <property name="devicePlatform" value=""/>
         <property name="logFolder" value="C:\\Users\\aamirzadehasl\\git\\tutorialKatolon2\\Reports\\20231011_125727\\VerifyLoginEles\\20231011_125730"/>
         <property name="logFiles" value="C:\\Users\\aamirzadehasl\\git\\tutorialKatolon2\\Reports\\20231011_125727\\VerifyLoginEles\\20231011_125730\\execution0.log"/>
         <property name="attachments" value="keyes\keyes-LoginPage.png, keyes\keyes-LoginPage.png"/>
         <property name="hostName" value="aamirzadehasl - USLMAAAMIRZADE1.us.deloitte.com"/>
         <property name="os" value="Windows 10 64bit"/>
         <property name="katalonVersion" value="8.6.8.208"/>
         <property name="browser" value="Chrome 117.0.0.0"/>
         <property name="hostAddress" value="10.0.0.113"/>
         <property name="sessionId" value="08890963b3f6a2c439eac98baf1186c6"/>
         <property name="seleniumVersion" value="3.141.59"/>
         <property name="proxyInformation" value="ProxyInformation { proxyOption=NO_PROXY, proxyServerType=HTTP, username=, password=********, proxyServerAddress=, proxyServerPort=0, executionList=&quot;&quot;, isApplyToDesiredCapabilities=true }"/>
         <property name="platform" value="Windows 10"/>
      </properties>
      <testcase name="Test Cases/LoginAndVerifyPresent" time="14.366" classname="Test Cases/LoginAndVerifyPresent" status="PASSED">
         <system-out><![CDATA[2023-10-11 12:58:01 - [TEST_CASE][PASSED] - Test Cases/LoginAndVerifyPresent: Test Cases/LoginAndVerifyPresent

2023-10-11 12:58:02 - [TEST_STEP][PASSED] - callTestCase(findTestCase("Login"), [:], STOP_ON_FAILURE): Call Test Case 'Test Cases/Login' successfully

2023-10-11 12:58:02 - [TEST_CASE][PASSED] - Test Cases/Login: Test Cases/Login

2023-10-11 12:58:02 - [TEST_STEP][PASSED] - openBrowser(""): Browser is opened with url: ''

2023-10-11 12:58:02 - [MESSAGE][INFO] - Starting 'Chrome' driver

2023-10-11 12:58:02 - [MESSAGE][INFO] - Action delay is set to 0 milliseconds

2023-10-11 12:58:05 - [MESSAGE][PASSED] - Browser is opened with url: ''

2023-10-11 12:58:05 - [TEST_STEP][PASSED] - navigateToUrl("https://katalon-demo-cura.herokuapp.com/"): Navigate to 'https://katalon-demo-cura.herokuapp.com/' successfully

2023-10-11 12:58:06 - [MESSAGE][PASSED] - Navigate to 'https://katalon-demo-cura.herokuapp.com/' successfully

2023-10-11 12:58:06 - [TEST_STEP][PASSED] - click(findTestObject("Object Repository/Page_CURA Healthcare Service/a_Make Appointment")): Object: 'Object Repository/Page_CURA Healthcare Service/a_Make Appointment' is clicked on

2023-10-11 12:58:07 - [MESSAGE][PASSED] - Object: 'Object Repository/Page_CURA Healthcare Service/a_Make Appointment' is clicked on

2023-10-11 12:58:07 - [TEST_STEP][PASSED] - click(findTestObject("Object Repository/Page_CURA Healthcare Service/body_CURA Healthcare                       _fb9a78")): Object: 'Object Repository/Page_CURA Healthcare Service/body_CURA Healthcare                       _fb9a78' is clicked on

2023-10-11 12:58:07 - [MESSAGE][PASSED] - Object: 'Object Repository/Page_CURA Healthcare Service/body_CURA Healthcare                       _fb9a78' is clicked on

2023-10-11 12:58:07 - [TEST_STEP][PASSED] - setText(findTestObject("Object Repository/Page_CURA Healthcare Service/input_Username_username"), "John Doe"): Text 'John Doe' is set on object 'Object Repository/Page_CURA Healthcare Service/input_Username_username'

2023-10-11 12:58:08 - [MESSAGE][PASSED] - Text 'John Doe' is set on object 'Object Repository/Page_CURA Healthcare Service/input_Username_username'

2023-10-11 12:58:08 - [TEST_STEP][PASSED] - setEncryptedText(findTestObject("Object Repository/Page_CURA Healthcare Service/input_Password_password"), "g3/DOGG74jC3Flrr3yH+3D/yKbOqqUNM"): Text ****** has been set on object 'Object Repository/Page_CURA Healthcare Service/input_Password_password'

2023-10-11 12:58:08 - [MESSAGE][PASSED] - Text ****** has been set on object 'Object Repository/Page_CURA Healthcare Service/input_Password_password'

2023-10-11 12:58:08 - [TEST_STEP][PASSED] - click(findTestObject("Object Repository/Page_CURA Healthcare Service/button_Login")): Object: 'Object Repository/Page_CURA Healthcare Service/button_Login' is clicked on

2023-10-11 12:58:09 - [MESSAGE][PASSED] - Object: 'Object Repository/Page_CURA Healthcare Service/button_Login' is clicked on

2023-10-11 12:58:09 - [MESSAGE][PASSED] - Call Test Case 'Test Cases/Login' successfully

2023-10-11 12:58:09 - [TEST_STEP][PASSED] - maximizeWindow(): Current window maximized

2023-10-11 12:58:09 - [MESSAGE][PASSED] - Current window maximized

2023-10-11 12:58:09 - [TEST_STEP][PASSED] - takeFullPageScreenshotAsCheckpoint("LoginPage"): Taking screenshot successfully

2023-10-11 12:58:11 - [MESSAGE][INFO] - 0 hidden object(s)

2023-10-11 12:58:11 - [MESSAGE][PASSED] - Taking screenshot successfully
[[ATTACHMENT|keyes\keyes-LoginPage.png]]

2023-10-11 12:58:11 - [TEST_STEP][PASSED] - verifyElementPresent(findTestObject("Object Repository/Page_CURA Healthcare Service/h2_Make Appointment"), 0): Object 'Object Repository/Page_CURA Healthcare Service/h2_Make Appointment' is present

2023-10-11 12:58:12 - [MESSAGE][WARNING] - Timeout '0' is invalid. Using default page load timeout: '30'

2023-10-11 12:58:12 - [MESSAGE][PASSED] - Object 'Object Repository/Page_CURA Healthcare Service/h2_Make Appointment' is present

2023-10-11 12:58:12 - [TEST_STEP][PASSED] - verifyElementPresent(findTestObject("Object Repository/Page_CURA Healthcare Service/label_Facility"), 0): Object 'Object Repository/Page_CURA Healthcare Service/label_Facility' is present

2023-10-11 12:58:12 - [MESSAGE][WARNING] - Timeout '0' is invalid. Using default page load timeout: '30'

2023-10-11 12:58:12 - [MESSAGE][PASSED] - Object 'Object Repository/Page_CURA Healthcare Service/label_Facility' is present

2023-10-11 12:58:12 - [TEST_STEP][PASSED] - verifyElementPresent(findTestObject("Object Repository/Page_CURA Healthcare Service/select_Tokyo CURA Healthcare Center        _5b4107"), 0): Object 'Object Repository/Page_CURA Healthcare Service/select_Tokyo CURA Healthcare Center        _5b4107' is present

2023-10-11 12:58:12 - [MESSAGE][WARNING] - Timeout '0' is invalid. Using default page load timeout: '30'

2023-10-11 12:58:12 - [MESSAGE][PASSED] - Object 'Object Repository/Page_CURA Healthcare Service/select_Tokyo CURA Healthcare Center        _5b4107' is present

2023-10-11 12:58:12 - [TEST_STEP][PASSED] - verifyElementPresent(findTestObject("Object Repository/Page_CURA Healthcare Service/label_Apply for hospital readmission"), 0): Object 'Object Repository/Page_CURA Healthcare Service/label_Apply for hospital readmission' is present

2023-10-11 12:58:13 - [MESSAGE][WARNING] - Timeout '0' is invalid. Using default page load timeout: '30'

2023-10-11 12:58:13 - [MESSAGE][PASSED] - Object 'Object Repository/Page_CURA Healthcare Service/label_Apply for hospital readmission' is present

2023-10-11 12:58:13 - [TEST_STEP][PASSED] - verifyElementPresent(findTestObject("Object Repository/Page_CURA Healthcare Service/label_Healthcare Program"), 0): Object 'Object Repository/Page_CURA Healthcare Service/label_Healthcare Program' is present

2023-10-11 12:58:13 - [MESSAGE][WARNING] - Timeout '0' is invalid. Using default page load timeout: '30'

2023-10-11 12:58:13 - [MESSAGE][PASSED] - Object 'Object Repository/Page_CURA Healthcare Service/label_Healthcare Program' is present

2023-10-11 12:58:13 - [TEST_STEP][PASSED] - verifyElementPresent(findTestObject("Object Repository/Page_CURA Healthcare Service/div_Medicare                               _cb3988"), 0): Object 'Object Repository/Page_CURA Healthcare Service/div_Medicare                               _cb3988' is present

2023-10-11 12:58:13 - [MESSAGE][WARNING] - Timeout '0' is invalid. Using default page load timeout: '30'

2023-10-11 12:58:13 - [MESSAGE][PASSED] - Object 'Object Repository/Page_CURA Healthcare Service/div_Medicare                               _cb3988' is present

2023-10-11 12:58:13 - [TEST_STEP][PASSED] - verifyElementPresent(findTestObject("Object Repository/Page_CURA Healthcare Service/label_Visit Date (Required)"), 0): Object 'Object Repository/Page_CURA Healthcare Service/label_Visit Date (Required)' is present

2023-10-11 12:58:14 - [MESSAGE][WARNING] - Timeout '0' is invalid. Using default page load timeout: '30'

2023-10-11 12:58:14 - [MESSAGE][PASSED] - Object 'Object Repository/Page_CURA Healthcare Service/label_Visit Date (Required)' is present

2023-10-11 12:58:14 - [TEST_STEP][PASSED] - verifyElementPresent(findTestObject("Object Repository/Page_CURA Healthcare Service/div_Visit Date (Required)_col-sm-4"), 0): Object 'Object Repository/Page_CURA Healthcare Service/div_Visit Date (Required)_col-sm-4' is present

2023-10-11 12:58:14 - [MESSAGE][WARNING] - Timeout '0' is invalid. Using default page load timeout: '30'

2023-10-11 12:58:14 - [MESSAGE][PASSED] - Object 'Object Repository/Page_CURA Healthcare Service/div_Visit Date (Required)_col-sm-4' is present

2023-10-11 12:58:14 - [TEST_STEP][PASSED] - verifyElementPresent(findTestObject("Object Repository/Page_CURA Healthcare Service/div_Comment"), 0): Object 'Object Repository/Page_CURA Healthcare Service/div_Comment' is present

2023-10-11 12:58:14 - [MESSAGE][WARNING] - Timeout '0' is invalid. Using default page load timeout: '30'

2023-10-11 12:58:14 - [MESSAGE][PASSED] - Object 'Object Repository/Page_CURA Healthcare Service/div_Comment' is present

2023-10-11 12:58:14 - [TEST_STEP][PASSED] - verifyElementPresent(findTestObject("Object Repository/Page_CURA Healthcare Service/button_Book Appointment"), 0): Object 'Object Repository/Page_CURA Healthcare Service/button_Book Appointment' is present

2023-10-11 12:58:14 - [MESSAGE][WARNING] - Timeout '0' is invalid. Using default page load timeout: '30'

2023-10-11 12:58:15 - [MESSAGE][PASSED] - Object 'Object Repository/Page_CURA Healthcare Service/button_Book Appointment' is present

2023-10-11 12:58:15 - [TEST_STEP][PASSED] - closeBrowser(): Browser is closed

2023-10-11 12:58:15 - [MESSAGE][PASSED] - Browser is closed]]></system-out>
         <system-err><![CDATA[]]></system-err>
      </testcase>
      <testcase name="Test Cases/LoginAndVerifyVisible" time="12.683" classname="Test Cases/LoginAndVerifyVisible" status="PASSED">
         <system-out><![CDATA[2023-10-11 12:58:15 - [TEST_CASE][PASSED] - Test Cases/LoginAndVerifyVisible: Test Cases/LoginAndVerifyVisible

2023-10-11 12:58:16 - [TEST_STEP][PASSED] - callTestCase(findTestCase("Login"), [:], STOP_ON_FAILURE): Call Test Case 'Test Cases/Login' successfully

2023-10-11 12:58:16 - [TEST_CASE][PASSED] - Test Cases/Login: Test Cases/Login

2023-10-11 12:58:16 - [TEST_STEP][PASSED] - openBrowser(""): Browser is opened with url: ''

2023-10-11 12:58:16 - [MESSAGE][INFO] - Starting 'Chrome' driver

2023-10-11 12:58:16 - [MESSAGE][INFO] - Action delay is set to 0 milliseconds

2023-10-11 12:58:18 - [MESSAGE][PASSED] - Browser is opened with url: ''

2023-10-11 12:58:18 - [TEST_STEP][PASSED] - navigateToUrl("https://katalon-demo-cura.herokuapp.com/"): Navigate to 'https://katalon-demo-cura.herokuapp.com/' successfully

2023-10-11 12:58:19 - [MESSAGE][PASSED] - Navigate to 'https://katalon-demo-cura.herokuapp.com/' successfully

2023-10-11 12:58:19 - [TEST_STEP][PASSED] - click(findTestObject("Object Repository/Page_CURA Healthcare Service/a_Make Appointment")): Object: 'Object Repository/Page_CURA Healthcare Service/a_Make Appointment' is clicked on

2023-10-11 12:58:19 - [MESSAGE][PASSED] - Object: 'Object Repository/Page_CURA Healthcare Service/a_Make Appointment' is clicked on

2023-10-11 12:58:19 - [TEST_STEP][PASSED] - click(findTestObject("Object Repository/Page_CURA Healthcare Service/body_CURA Healthcare                       _fb9a78")): Object: 'Object Repository/Page_CURA Healthcare Service/body_CURA Healthcare                       _fb9a78' is clicked on

2023-10-11 12:58:20 - [MESSAGE][PASSED] - Object: 'Object Repository/Page_CURA Healthcare Service/body_CURA Healthcare                       _fb9a78' is clicked on

2023-10-11 12:58:20 - [TEST_STEP][PASSED] - setText(findTestObject("Object Repository/Page_CURA Healthcare Service/input_Username_username"), "John Doe"): Text 'John Doe' is set on object 'Object Repository/Page_CURA Healthcare Service/input_Username_username'

2023-10-11 12:58:21 - [MESSAGE][PASSED] - Text 'John Doe' is set on object 'Object Repository/Page_CURA Healthcare Service/input_Username_username'

2023-10-11 12:58:21 - [TEST_STEP][PASSED] - setEncryptedText(findTestObject("Object Repository/Page_CURA Healthcare Service/input_Password_password"), "g3/DOGG74jC3Flrr3yH+3D/yKbOqqUNM"): Text ****** has been set on object 'Object Repository/Page_CURA Healthcare Service/input_Password_password'

2023-10-11 12:58:21 - [MESSAGE][PASSED] - Text ****** has been set on object 'Object Repository/Page_CURA Healthcare Service/input_Password_password'

2023-10-11 12:58:21 - [TEST_STEP][PASSED] - click(findTestObject("Object Repository/Page_CURA Healthcare Service/button_Login")): Object: 'Object Repository/Page_CURA Healthcare Service/button_Login' is clicked on

2023-10-11 12:58:22 - [MESSAGE][PASSED] - Object: 'Object Repository/Page_CURA Healthcare Service/button_Login' is clicked on

2023-10-11 12:58:22 - [MESSAGE][PASSED] - Call Test Case 'Test Cases/Login' successfully

2023-10-11 12:58:22 - [TEST_STEP][PASSED] - maximizeWindow(): Current window maximized

2023-10-11 12:58:22 - [MESSAGE][PASSED] - Current window maximized

2023-10-11 12:58:22 - [TEST_STEP][PASSED] - waitForPageLoad(0): Wait for page load successfully

2023-10-11 12:58:22 - [MESSAGE][WARNING] - Timeout '0' is invalid. Using default page load timeout: '30'

2023-10-11 12:58:22 - [MESSAGE][PASSED] - Wait for page load successfully

2023-10-11 12:58:22 - [TEST_STEP][PASSED] - takeFullPageScreenshotAsCheckpoint("LoginPage"): Taking screenshot successfully

2023-10-11 12:58:24 - [MESSAGE][INFO] - 0 hidden object(s)

2023-10-11 12:58:24 - [MESSAGE][PASSED] - Taking screenshot successfully
[[ATTACHMENT|keyes\keyes-LoginPage.png]]

2023-10-11 12:58:24 - [TEST_STEP][PASSED] - verifyElementVisible(findTestObject("Object Repository/Page_CURA Healthcare Service/h2_Make Appointment"), STOP_ON_FAILURE): Object 'Object Repository/Page_CURA Healthcare Service/h2_Make Appointment' is visible

2023-10-11 12:58:24 - [MESSAGE][PASSED] - Object 'Object Repository/Page_CURA Healthcare Service/h2_Make Appointment' is visible

2023-10-11 12:58:24 - [TEST_STEP][PASSED] - verifyElementVisible(findTestObject("Object Repository/Page_CURA Healthcare Service/label_Facility"), STOP_ON_FAILURE): Object 'Object Repository/Page_CURA Healthcare Service/label_Facility' is visible

2023-10-11 12:58:25 - [MESSAGE][PASSED] - Object 'Object Repository/Page_CURA Healthcare Service/label_Facility' is visible

2023-10-11 12:58:25 - [TEST_STEP][PASSED] - verifyElementVisible(findTestObject("Object Repository/Page_CURA Healthcare Service/select_Tokyo CURA Healthcare Center        _5b4107"), STOP_ON_FAILURE): Object 'Object Repository/Page_CURA Healthcare Service/select_Tokyo CURA Healthcare Center        _5b4107' is visible

2023-10-11 12:58:25 - [MESSAGE][PASSED] - Object 'Object Repository/Page_CURA Healthcare Service/select_Tokyo CURA Healthcare Center        _5b4107' is visible

2023-10-11 12:58:25 - [TEST_STEP][PASSED] - verifyElementVisible(findTestObject("Object Repository/Page_CURA Healthcare Service/label_Apply for hospital readmission"), STOP_ON_FAILURE): Object 'Object Repository/Page_CURA Healthcare Service/label_Apply for hospital readmission' is visible

2023-10-11 12:58:25 - [MESSAGE][PASSED] - Object 'Object Repository/Page_CURA Healthcare Service/label_Apply for hospital readmission' is visible

2023-10-11 12:58:25 - [TEST_STEP][PASSED] - verifyElementVisible(findTestObject("Object Repository/Page_CURA Healthcare Service/label_Healthcare Program"), STOP_ON_FAILURE): Object 'Object Repository/Page_CURA Healthcare Service/label_Healthcare Program' is visible

2023-10-11 12:58:26 - [MESSAGE][PASSED] - Object 'Object Repository/Page_CURA Healthcare Service/label_Healthcare Program' is visible

2023-10-11 12:58:26 - [TEST_STEP][PASSED] - verifyElementVisible(findTestObject("Object Repository/Page_CURA Healthcare Service/div_Medicare                               _cb3988"), STOP_ON_FAILURE): Object 'Object Repository/Page_CURA Healthcare Service/div_Medicare                               _cb3988' is visible

2023-10-11 12:58:26 - [MESSAGE][PASSED] - Object 'Object Repository/Page_CURA Healthcare Service/div_Medicare                               _cb3988' is visible

2023-10-11 12:58:26 - [TEST_STEP][PASSED] - verifyElementVisible(findTestObject("Object Repository/Page_CURA Healthcare Service/label_Visit Date (Required)"), STOP_ON_FAILURE): Object 'Object Repository/Page_CURA Healthcare Service/label_Visit Date (Required)' is visible

2023-10-11 12:58:26 - [MESSAGE][PASSED] - Object 'Object Repository/Page_CURA Healthcare Service/label_Visit Date (Required)' is visible

2023-10-11 12:58:26 - [TEST_STEP][PASSED] - verifyElementVisible(findTestObject("Object Repository/Page_CURA Healthcare Service/div_Visit Date (Required)_col-sm-4"), STOP_ON_FAILURE): Object 'Object Repository/Page_CURA Healthcare Service/div_Visit Date (Required)_col-sm-4' is visible

2023-10-11 12:58:27 - [MESSAGE][PASSED] - Object 'Object Repository/Page_CURA Healthcare Service/div_Visit Date (Required)_col-sm-4' is visible

2023-10-11 12:58:27 - [TEST_STEP][PASSED] - verifyElementVisible(findTestObject("Object Repository/Page_CURA Healthcare Service/div_Comment"), STOP_ON_FAILURE): Object 'Object Repository/Page_CURA Healthcare Service/div_Comment' is visible

2023-10-11 12:58:27 - [MESSAGE][PASSED] - Object 'Object Repository/Page_CURA Healthcare Service/div_Comment' is visible

2023-10-11 12:58:27 - [TEST_STEP][PASSED] - verifyElementVisible(findTestObject("Object Repository/Page_CURA Healthcare Service/button_Book Appointment"), STOP_ON_FAILURE): Object 'Object Repository/Page_CURA Healthcare Service/button_Book Appointment' is visible

2023-10-11 12:58:27 - [MESSAGE][PASSED] - Object 'Object Repository/Page_CURA Healthcare Service/button_Book Appointment' is visible

2023-10-11 12:58:27 - [TEST_STEP][PASSED] - closeBrowser(): Browser is closed

2023-10-11 12:58:28 - [MESSAGE][PASSED] - Browser is closed]]></system-out>
         <system-err><![CDATA[]]></system-err>
      </testcase>
      <system-out><![CDATA[2023-10-11 12:58:01 - [TEST_SUITE][PASSED] - VerifyLoginEles: Test Cases/LoginAndVerifyVisible]]></system-out>
      <system-err><![CDATA[]]></system-err>
   </testsuite>
   <testsuite name="VerifyCheckBoxes" tests="2" failures="0" errors="0" time="19.584" skipped="0" timestamp="2023-10-11 12:58:31" hostname="aamirzadehasl - USLMAAAMIRZADE1.us.deloitte.com" id="Test Suites/VerifyCheckBoxes">
      <properties>
         <property name="deviceName" value=""/>
         <property name="devicePlatform" value=""/>
         <property name="logFolder" value="C:\\Users\\aamirzadehasl\\git\\tutorialKatolon2\\Reports\\20231011_125727\\VerifyCheckBoxes\\20231011_125732"/>
         <property name="logFiles" value="C:\\Users\\aamirzadehasl\\git\\tutorialKatolon2\\Reports\\20231011_125727\\VerifyCheckBoxes\\20231011_125732\\execution0.log"/>
         <property name="attachments" value="keyes\keyes-CheckBoxClicked.png"/>
         <property name="hostName" value="aamirzadehasl - USLMAAAMIRZADE1.us.deloitte.com"/>
         <property name="os" value="Windows 10 64bit"/>
         <property name="katalonVersion" value="8.6.8.208"/>
         <property name="browser" value="Chrome 117.0.0.0"/>
         <property name="hostAddress" value="10.0.0.113"/>
         <property name="sessionId" value="a0d64a96557cb7e9cb32eb2debfe7557"/>
         <property name="seleniumVersion" value="3.141.59"/>
         <property name="proxyInformation" value="ProxyInformation { proxyOption=NO_PROXY, proxyServerType=HTTP, username=, password=********, proxyServerAddress=, proxyServerPort=0, executionList=&quot;&quot;, isApplyToDesiredCapabilities=true }"/>
         <property name="platform" value="Windows 10"/>
      </properties>
      <testcase name="Test Cases/LoginCheckBoxClickable" time="9.016" classname="Test Cases/LoginCheckBoxClickable" status="PASSED">
         <system-out><![CDATA[2023-10-11 12:58:32 - [TEST_CASE][PASSED] - Test Cases/LoginCheckBoxClickable: Test Cases/LoginCheckBoxClickable

2023-10-11 12:58:32 - [TEST_STEP][PASSED] - openBrowser(""): Browser is opened with url: ''

2023-10-11 12:58:32 - [MESSAGE][INFO] - Starting 'Chrome' driver

2023-10-11 12:58:32 - [MESSAGE][INFO] - Action delay is set to 0 milliseconds

2023-10-11 12:58:35 - [MESSAGE][PASSED] - Browser is opened with url: ''

2023-10-11 12:58:35 - [TEST_STEP][PASSED] - navigateToUrl("https://katalon-demo-cura.herokuapp.com/"): Navigate to 'https://katalon-demo-cura.herokuapp.com/' successfully

2023-10-11 12:58:36 - [MESSAGE][PASSED] - Navigate to 'https://katalon-demo-cura.herokuapp.com/' successfully

2023-10-11 12:58:36 - [TEST_STEP][PASSED] - click(findTestObject("Object Repository/Page_CURA Healthcare Service/a_Make Appointment")): Object: 'Object Repository/Page_CURA Healthcare Service/a_Make Appointment' is clicked on

2023-10-11 12:58:37 - [MESSAGE][PASSED] - Object: 'Object Repository/Page_CURA Healthcare Service/a_Make Appointment' is clicked on

2023-10-11 12:58:37 - [TEST_STEP][PASSED] - setText(findTestObject("Object Repository/Page_CURA Healthcare Service/input_Username_username"), "John Doe"): Text 'John Doe' is set on object 'Object Repository/Page_CURA Healthcare Service/input_Username_username'

2023-10-11 12:58:38 - [MESSAGE][PASSED] - Text 'John Doe' is set on object 'Object Repository/Page_CURA Healthcare Service/input_Username_username'

2023-10-11 12:58:38 - [TEST_STEP][PASSED] - setEncryptedText(findTestObject("Object Repository/Page_CURA Healthcare Service/input_Password_password"), "g3/DOGG74jC3Flrr3yH+3D/yKbOqqUNM"): Text ****** has been set on object 'Object Repository/Page_CURA Healthcare Service/input_Password_password'

2023-10-11 12:58:38 - [MESSAGE][PASSED] - Text ****** has been set on object 'Object Repository/Page_CURA Healthcare Service/input_Password_password'

2023-10-11 12:58:38 - [TEST_STEP][PASSED] - sendKeys(findTestObject("Object Repository/Page_CURA Healthcare Service/input_Password_password"), Keys.chord(ENTER)): Keys 'ENTER + ' sent to object: 'Object Repository/Page_CURA Healthcare Service/input_Password_password'

2023-10-11 12:58:39 - [MESSAGE][PASSED] - Keys 'ENTER + ' sent to object: 'Object Repository/Page_CURA Healthcare Service/input_Password_password'

2023-10-11 12:58:39 - [TEST_STEP][PASSED] - verifyElementClickable(findTestObject("Object Repository/Page_CURA Healthcare Service/input_Medicare_programs")): Object 'Object Repository/Page_CURA Healthcare Service/input_Medicare_programs' is clickable

2023-10-11 12:58:39 - [MESSAGE][PASSED] - Object 'Object Repository/Page_CURA Healthcare Service/input_Medicare_programs' is clickable

2023-10-11 12:58:39 - [TEST_STEP][PASSED] - verifyElementClickable(findTestObject("Object Repository/Page_CURA Healthcare Service/input_Medicaid_programs")): Object 'Object Repository/Page_CURA Healthcare Service/input_Medicaid_programs' is clickable

2023-10-11 12:58:40 - [MESSAGE][PASSED] - Object 'Object Repository/Page_CURA Healthcare Service/input_Medicaid_programs' is clickable

2023-10-11 12:58:40 - [TEST_STEP][PASSED] - verifyElementClickable(findTestObject("Object Repository/Page_CURA Healthcare Service/input_None_programs")): Object 'Object Repository/Page_CURA Healthcare Service/input_None_programs' is clickable

2023-10-11 12:58:40 - [MESSAGE][PASSED] - Object 'Object Repository/Page_CURA Healthcare Service/input_None_programs' is clickable

2023-10-11 12:58:40 - [TEST_STEP][PASSED] - closeBrowser(): Browser is closed

2023-10-11 12:58:41 - [MESSAGE][PASSED] - Browser is closed]]></system-out>
         <system-err><![CDATA[]]></system-err>
      </testcase>
      <testcase name="Test Cases/LoginClickCheckBoxes" time="10.293" classname="Test Cases/LoginClickCheckBoxes" status="PASSED">
         <system-out><![CDATA[2023-10-11 12:58:41 - [TEST_CASE][PASSED] - Test Cases/LoginClickCheckBoxes: Test Cases/LoginClickCheckBoxes

2023-10-11 12:58:41 - [TEST_STEP][PASSED] - openBrowser(""): Browser is opened with url: ''

2023-10-11 12:58:41 - [MESSAGE][INFO] - Starting 'Chrome' driver

2023-10-11 12:58:41 - [MESSAGE][INFO] - Action delay is set to 0 milliseconds

2023-10-11 12:58:43 - [MESSAGE][PASSED] - Browser is opened with url: ''

2023-10-11 12:58:43 - [TEST_STEP][PASSED] - navigateToUrl("https://katalon-demo-cura.herokuapp.com/"): Navigate to 'https://katalon-demo-cura.herokuapp.com/' successfully

2023-10-11 12:58:44 - [MESSAGE][PASSED] - Navigate to 'https://katalon-demo-cura.herokuapp.com/' successfully

2023-10-11 12:58:44 - [TEST_STEP][PASSED] - maximizeWindow(): Current window maximized

2023-10-11 12:58:44 - [MESSAGE][PASSED] - Current window maximized

2023-10-11 12:58:44 - [TEST_STEP][PASSED] - waitForPageLoad(0): Wait for page load successfully

2023-10-11 12:58:44 - [MESSAGE][WARNING] - Timeout '0' is invalid. Using default page load timeout: '30'

2023-10-11 12:58:44 - [MESSAGE][PASSED] - Wait for page load successfully

2023-10-11 12:58:44 - [TEST_STEP][PASSED] - click(findTestObject("Object Repository/Page_CURA Healthcare Service/a_Make Appointment")): Object: 'Object Repository/Page_CURA Healthcare Service/a_Make Appointment' is clicked on

2023-10-11 12:58:45 - [MESSAGE][PASSED] - Object: 'Object Repository/Page_CURA Healthcare Service/a_Make Appointment' is clicked on

2023-10-11 12:58:45 - [TEST_STEP][PASSED] - click(findTestObject("Object Repository/Page_CURA Healthcare Service/body_CURA Healthcare                       _fb9a78")): Object: 'Object Repository/Page_CURA Healthcare Service/body_CURA Healthcare                       _fb9a78' is clicked on

2023-10-11 12:58:46 - [MESSAGE][PASSED] - Object: 'Object Repository/Page_CURA Healthcare Service/body_CURA Healthcare                       _fb9a78' is clicked on

2023-10-11 12:58:46 - [TEST_STEP][PASSED] - setText(findTestObject("Object Repository/Page_CURA Healthcare Service/input_Username_username"), "John Doe"): Text 'John Doe' is set on object 'Object Repository/Page_CURA Healthcare Service/input_Username_username'

2023-10-11 12:58:46 - [MESSAGE][PASSED] - Text 'John Doe' is set on object 'Object Repository/Page_CURA Healthcare Service/input_Username_username'

2023-10-11 12:58:46 - [TEST_STEP][PASSED] - setEncryptedText(findTestObject("Object Repository/Page_CURA Healthcare Service/input_Password_password"), "g3/DOGG74jC3Flrr3yH+3D/yKbOqqUNM"): Text ****** has been set on object 'Object Repository/Page_CURA Healthcare Service/input_Password_password'

2023-10-11 12:58:47 - [MESSAGE][PASSED] - Text ****** has been set on object 'Object Repository/Page_CURA Healthcare Service/input_Password_password'

2023-10-11 12:58:47 - [TEST_STEP][PASSED] - sendKeys(findTestObject("Object Repository/Page_CURA Healthcare Service/input_Password_password"), Keys.chord(ENTER)): Keys 'ENTER + ' sent to object: 'Object Repository/Page_CURA Healthcare Service/input_Password_password'

2023-10-11 12:58:47 - [MESSAGE][PASSED] - Keys 'ENTER + ' sent to object: 'Object Repository/Page_CURA Healthcare Service/input_Password_password'

2023-10-11 12:58:47 - [TEST_STEP][PASSED] - click(findTestObject("Object Repository/Page_CURA Healthcare Service/input_Medicaid_programs")): Object: 'Object Repository/Page_CURA Healthcare Service/input_Medicaid_programs' is clicked on

2023-10-11 12:58:48 - [MESSAGE][PASSED] - Object: 'Object Repository/Page_CURA Healthcare Service/input_Medicaid_programs' is clicked on

2023-10-11 12:58:48 - [TEST_STEP][PASSED] - click(findTestObject("Object Repository/Page_CURA Healthcare Service/input_None_programs")): Object: 'Object Repository/Page_CURA Healthcare Service/input_None_programs' is clicked on

2023-10-11 12:58:48 - [MESSAGE][PASSED] - Object: 'Object Repository/Page_CURA Healthcare Service/input_None_programs' is clicked on

2023-10-11 12:58:48 - [TEST_STEP][PASSED] - takeFullPageScreenshotAsCheckpoint("CheckBoxClicked"): Taking screenshot successfully

2023-10-11 12:58:50 - [MESSAGE][INFO] - 0 hidden object(s)

2023-10-11 12:58:50 - [MESSAGE][PASSED] - Taking screenshot successfully
[[ATTACHMENT|keyes\keyes-CheckBoxClicked.png]]

2023-10-11 12:58:50 - [TEST_STEP][PASSED] - closeBrowser(): Browser is closed

2023-10-11 12:58:51 - [MESSAGE][PASSED] - Browser is closed]]></system-out>
         <system-err><![CDATA[]]></system-err>
      </testcase>
      <system-out><![CDATA[2023-10-11 12:58:31 - [TEST_SUITE][PASSED] - VerifyCheckBoxes: Test Cases/LoginClickCheckBoxes]]></system-out>
      <system-err><![CDATA[]]></system-err>
   </testsuite>
</testsuites>
