<?xml version="1.0" encoding="UTF-8"?>
<testsuites name="VerifyHomeAndLoginEles" time="54.849" tests="4" failures="0" errors="0">
   <testsuite name="VerifyElements" tests="2" failures="0" errors="0" time="20.68" skipped="0" timestamp="2023-10-11 12:18:03" hostname="aamirzadehasl - USLMAAAMIRZADE1.us.deloitte.com" id="Test Suites/VerifyElements">
      <properties>
         <property name="deviceName" value=""/>
         <property name="devicePlatform" value=""/>
         <property name="logFolder" value="C:\\Users\\aamirzadehasl\\git\\tutorialKatolon2\\Reports\\20231011_121756\\VerifyElements\\20231011_121757"/>
         <property name="logFiles" value="C:\\Users\\aamirzadehasl\\git\\tutorialKatolon2\\Reports\\20231011_121756\\VerifyElements\\20231011_121757\\execution0.log"/>
         <property name="attachments" value="keyes\keyes-homepage.png, keyes\keyes-homepage.png"/>
         <property name="hostName" value="aamirzadehasl - USLMAAAMIRZADE1.us.deloitte.com"/>
         <property name="os" value="Windows 10 64bit"/>
         <property name="katalonVersion" value="8.6.8.208"/>
         <property name="browser" value="Chrome 117.0.0.0"/>
         <property name="hostAddress" value="10.0.0.113"/>
         <property name="sessionId" value="2a78ab083cf559afc11d232f556fe65e"/>
         <property name="seleniumVersion" value="3.141.59"/>
         <property name="proxyInformation" value="ProxyInformation { proxyOption=NO_PROXY, proxyServerType=HTTP, username=, password=********, proxyServerAddress=, proxyServerPort=0, executionList=&quot;&quot;, isApplyToDesiredCapabilities=true }"/>
         <property name="platform" value="Windows 10"/>
      </properties>
      <testcase name="Test Cases/VerifyHomePagePresent" time="11.194" classname="Test Cases/VerifyHomePagePresent" status="PASSED">
         <system-out><![CDATA[2023-10-11 12:18:04 - [TEST_CASE][PASSED] - Test Cases/VerifyHomePagePresent: Test Cases/VerifyHomePagePresent

2023-10-11 12:18:04 - [TEST_STEP][PASSED] - callTestCase(findTestCase("OpenToWebsite"), [:], STOP_ON_FAILURE): Call Test Case 'Test Cases/OpenToWebsite' successfully

2023-10-11 12:18:04 - [TEST_CASE][PASSED] - Test Cases/OpenToWebsite: Test Cases/OpenToWebsite

2023-10-11 12:18:05 - [TEST_STEP][PASSED] - openBrowser(""): Browser is opened with url: ''

2023-10-11 12:18:05 - [MESSAGE][INFO] - Starting 'Chrome' driver

2023-10-11 12:18:05 - [MESSAGE][INFO] - Action delay is set to 0 milliseconds

2023-10-11 12:18:08 - [MESSAGE][PASSED] - Browser is opened with url: ''

2023-10-11 12:18:08 - [TEST_STEP][PASSED] - maximizeWindow(): Current window maximized

2023-10-11 12:18:08 - [MESSAGE][PASSED] - Current window maximized

2023-10-11 12:18:08 - [TEST_STEP][PASSED] - navigateToUrl("http://demoaut.katalon.com/"): Navigate to 'http://demoaut.katalon.com/' successfully

2023-10-11 12:18:09 - [MESSAGE][PASSED] - Navigate to 'http://demoaut.katalon.com/' successfully

2023-10-11 12:18:09 - [MESSAGE][PASSED] - Call Test Case 'Test Cases/OpenToWebsite' successfully

2023-10-11 12:18:09 - [TEST_STEP][PASSED] - maximizeWindow(): Current window maximized

2023-10-11 12:18:09 - [MESSAGE][PASSED] - Current window maximized

2023-10-11 12:18:09 - [TEST_STEP][PASSED] - waitForPageLoad(0): Wait for page load successfully

2023-10-11 12:18:09 - [MESSAGE][WARNING] - Timeout '0' is invalid. Using default page load timeout: '30'

2023-10-11 12:18:09 - [MESSAGE][PASSED] - Wait for page load successfully

2023-10-11 12:18:09 - [TEST_STEP][PASSED] - takeFullPageScreenshotAsCheckpoint("homepage", []): Taking screenshot successfully

2023-10-11 12:18:09 - [MESSAGE][INFO] - 0 hidden object(s)

2023-10-11 12:18:11 - [MESSAGE][INFO] - 0 hidden object(s)

2023-10-11 12:18:11 - [MESSAGE][PASSED] - Taking screenshot successfully
[[ATTACHMENT|keyes\keyes-homepage.png]]

2023-10-11 12:18:11 - [TEST_STEP][PASSED] - verifyElementPresent(findTestObject("Object Repository/Page_CURA Healthcare Service/h1_CURA Healthcare Service"), 0): Object 'Object Repository/Page_CURA Healthcare Service/h1_CURA Healthcare Service' is present

2023-10-11 12:18:11 - [MESSAGE][WARNING] - Timeout '0' is invalid. Using default page load timeout: '30'

2023-10-11 12:18:11 - [MESSAGE][PASSED] - Object 'Object Repository/Page_CURA Healthcare Service/h1_CURA Healthcare Service' is present

2023-10-11 12:18:11 - [TEST_STEP][PASSED] - verifyElementPresent(findTestObject("Object Repository/Page_CURA Healthcare Service/h3_We Care About Your Health"), 0): Object 'Object Repository/Page_CURA Healthcare Service/h3_We Care About Your Health' is present

2023-10-11 12:18:11 - [MESSAGE][WARNING] - Timeout '0' is invalid. Using default page load timeout: '30'

2023-10-11 12:18:12 - [MESSAGE][PASSED] - Object 'Object Repository/Page_CURA Healthcare Service/h3_We Care About Your Health' is present

2023-10-11 12:18:12 - [TEST_STEP][PASSED] - verifyElementPresent(findTestObject("Object Repository/Page_CURA Healthcare Service/a_Make Appointment"), 0): Object 'Object Repository/Page_CURA Healthcare Service/a_Make Appointment' is present

2023-10-11 12:18:12 - [MESSAGE][WARNING] - Timeout '0' is invalid. Using default page load timeout: '30'

2023-10-11 12:18:12 - [MESSAGE][PASSED] - Object 'Object Repository/Page_CURA Healthcare Service/a_Make Appointment' is present

2023-10-11 12:18:12 - [TEST_STEP][PASSED] - verifyElementPresent(findTestObject("Object Repository/Page_CURA Healthcare Service/strong_CURA Healthcare Service"), 0): Object 'Object Repository/Page_CURA Healthcare Service/strong_CURA Healthcare Service' is present

2023-10-11 12:18:12 - [MESSAGE][WARNING] - Timeout '0' is invalid. Using default page load timeout: '30'

2023-10-11 12:18:12 - [MESSAGE][PASSED] - Object 'Object Repository/Page_CURA Healthcare Service/strong_CURA Healthcare Service' is present

2023-10-11 12:18:12 - [TEST_STEP][PASSED] - verifyElementPresent(findTestObject("Object Repository/Page_CURA Healthcare Service/p_Atlanta 550 Pharr Road NE Suite 525Atlant_8f4c85"), 0): Object 'Object Repository/Page_CURA Healthcare Service/p_Atlanta 550 Pharr Road NE Suite 525Atlant_8f4c85' is present

2023-10-11 12:18:12 - [MESSAGE][WARNING] - Timeout '0' is invalid. Using default page load timeout: '30'

2023-10-11 12:18:13 - [MESSAGE][PASSED] - Object 'Object Repository/Page_CURA Healthcare Service/p_Atlanta 550 Pharr Road NE Suite 525Atlant_8f4c85' is present

2023-10-11 12:18:13 - [TEST_STEP][PASSED] - verifyElementPresent(findTestObject("Object Repository/Page_CURA Healthcare Service/li_(678) 813-1KMS"), 0): Object 'Object Repository/Page_CURA Healthcare Service/li_(678) 813-1KMS' is present

2023-10-11 12:18:13 - [MESSAGE][WARNING] - Timeout '0' is invalid. Using default page load timeout: '30'

2023-10-11 12:18:13 - [MESSAGE][PASSED] - Object 'Object Repository/Page_CURA Healthcare Service/li_(678) 813-1KMS' is present

2023-10-11 12:18:13 - [TEST_STEP][PASSED] - verifyElementPresent(findTestObject("Object Repository/Page_CURA Healthcare Service/li_infokatalon.com"), 0): Object 'Object Repository/Page_CURA Healthcare Service/li_infokatalon.com' is present

2023-10-11 12:18:13 - [MESSAGE][WARNING] - Timeout '0' is invalid. Using default page load timeout: '30'

2023-10-11 12:18:13 - [MESSAGE][PASSED] - Object 'Object Repository/Page_CURA Healthcare Service/li_infokatalon.com' is present

2023-10-11 12:18:13 - [TEST_STEP][PASSED] - verifyElementPresent(findTestObject("Object Repository/Page_CURA Healthcare Service/ul_infokatalon.com_list-inline"), 0): Object 'Object Repository/Page_CURA Healthcare Service/ul_infokatalon.com_list-inline' is present

2023-10-11 12:18:13 - [MESSAGE][WARNING] - Timeout '0' is invalid. Using default page load timeout: '30'

2023-10-11 12:18:14 - [MESSAGE][PASSED] - Object 'Object Repository/Page_CURA Healthcare Service/ul_infokatalon.com_list-inline' is present

2023-10-11 12:18:14 - [TEST_STEP][PASSED] - verifyElementPresent(findTestObject("Object Repository/Page_CURA Healthcare Service/p_Copyright  CURA Healthcare Service 2023"), 0): Object 'Object Repository/Page_CURA Healthcare Service/p_Copyright  CURA Healthcare Service 2023' is present

2023-10-11 12:18:14 - [MESSAGE][WARNING] - Timeout '0' is invalid. Using default page load timeout: '30'

2023-10-11 12:18:14 - [MESSAGE][PASSED] - Object 'Object Repository/Page_CURA Healthcare Service/p_Copyright  CURA Healthcare Service 2023' is present

2023-10-11 12:18:14 - [TEST_STEP][PASSED] - closeBrowser(): Browser is closed

2023-10-11 12:18:15 - [MESSAGE][PASSED] - Browser is closed]]></system-out>
         <system-err><![CDATA[]]></system-err>
      </testcase>
      <testcase name="Test Cases/VerifyHomePageVisible" time="9.214" classname="Test Cases/VerifyHomePageVisible" status="PASSED">
         <system-out><![CDATA[2023-10-11 12:18:15 - [TEST_CASE][PASSED] - Test Cases/VerifyHomePageVisible: Test Cases/VerifyHomePageVisible

2023-10-11 12:18:15 - [TEST_STEP][PASSED] - callTestCase(findTestCase("OpenToWebsite"), [:], STOP_ON_FAILURE): Call Test Case 'Test Cases/OpenToWebsite' successfully

2023-10-11 12:18:15 - [TEST_CASE][PASSED] - Test Cases/OpenToWebsite: Test Cases/OpenToWebsite

2023-10-11 12:18:15 - [TEST_STEP][PASSED] - openBrowser(""): Browser is opened with url: ''

2023-10-11 12:18:15 - [MESSAGE][INFO] - Starting 'Chrome' driver

2023-10-11 12:18:15 - [MESSAGE][INFO] - Action delay is set to 0 milliseconds

2023-10-11 12:18:17 - [MESSAGE][PASSED] - Browser is opened with url: ''

2023-10-11 12:18:17 - [TEST_STEP][PASSED] - maximizeWindow(): Current window maximized

2023-10-11 12:18:17 - [MESSAGE][PASSED] - Current window maximized

2023-10-11 12:18:17 - [TEST_STEP][PASSED] - navigateToUrl("http://demoaut.katalon.com/"): Navigate to 'http://demoaut.katalon.com/' successfully

2023-10-11 12:18:18 - [MESSAGE][PASSED] - Navigate to 'http://demoaut.katalon.com/' successfully

2023-10-11 12:18:18 - [MESSAGE][PASSED] - Call Test Case 'Test Cases/OpenToWebsite' successfully

2023-10-11 12:18:18 - [TEST_STEP][PASSED] - waitForPageLoad(0): Wait for page load successfully

2023-10-11 12:18:18 - [MESSAGE][WARNING] - Timeout '0' is invalid. Using default page load timeout: '30'

2023-10-11 12:18:18 - [MESSAGE][PASSED] - Wait for page load successfully

2023-10-11 12:18:18 - [TEST_STEP][PASSED] - takeFullPageScreenshotAsCheckpoint("homepage", []): Taking screenshot successfully

2023-10-11 12:18:18 - [MESSAGE][INFO] - 0 hidden object(s)

2023-10-11 12:18:20 - [MESSAGE][INFO] - 0 hidden object(s)

2023-10-11 12:18:20 - [MESSAGE][PASSED] - Taking screenshot successfully
[[ATTACHMENT|keyes\keyes-homepage.png]]

2023-10-11 12:18:20 - [TEST_STEP][PASSED] - verifyElementVisible(findTestObject("Object Repository/Page_CURA Healthcare Service/h1_CURA Healthcare Service")): Object 'Object Repository/Page_CURA Healthcare Service/h1_CURA Healthcare Service' is visible

2023-10-11 12:18:21 - [MESSAGE][PASSED] - Object 'Object Repository/Page_CURA Healthcare Service/h1_CURA Healthcare Service' is visible

2023-10-11 12:18:21 - [TEST_STEP][PASSED] - verifyElementVisible(findTestObject("Object Repository/Page_CURA Healthcare Service/h3_We Care About Your Health"), STOP_ON_FAILURE): Object 'Object Repository/Page_CURA Healthcare Service/h3_We Care About Your Health' is visible

2023-10-11 12:18:21 - [MESSAGE][PASSED] - Object 'Object Repository/Page_CURA Healthcare Service/h3_We Care About Your Health' is visible

2023-10-11 12:18:21 - [TEST_STEP][PASSED] - verifyElementVisible(findTestObject("Object Repository/Page_CURA Healthcare Service/a_Make Appointment"), STOP_ON_FAILURE): Object 'Object Repository/Page_CURA Healthcare Service/a_Make Appointment' is visible

2023-10-11 12:18:21 - [MESSAGE][PASSED] - Object 'Object Repository/Page_CURA Healthcare Service/a_Make Appointment' is visible

2023-10-11 12:18:21 - [TEST_STEP][PASSED] - verifyElementVisible(findTestObject("Object Repository/Page_CURA Healthcare Service/strong_CURA Healthcare Service"), STOP_ON_FAILURE): Object 'Object Repository/Page_CURA Healthcare Service/strong_CURA Healthcare Service' is visible

2023-10-11 12:18:22 - [MESSAGE][PASSED] - Object 'Object Repository/Page_CURA Healthcare Service/strong_CURA Healthcare Service' is visible

2023-10-11 12:18:22 - [TEST_STEP][PASSED] - verifyElementVisible(findTestObject("Object Repository/Page_CURA Healthcare Service/p_Atlanta 550 Pharr Road NE Suite 525Atlant_8f4c85"), STOP_ON_FAILURE): Object 'Object Repository/Page_CURA Healthcare Service/p_Atlanta 550 Pharr Road NE Suite 525Atlant_8f4c85' is visible

2023-10-11 12:18:22 - [MESSAGE][PASSED] - Object 'Object Repository/Page_CURA Healthcare Service/p_Atlanta 550 Pharr Road NE Suite 525Atlant_8f4c85' is visible

2023-10-11 12:18:22 - [TEST_STEP][PASSED] - verifyElementVisible(findTestObject("Object Repository/Page_CURA Healthcare Service/li_(678) 813-1KMS"), STOP_ON_FAILURE): Object 'Object Repository/Page_CURA Healthcare Service/li_(678) 813-1KMS' is visible

2023-10-11 12:18:22 - [MESSAGE][PASSED] - Object 'Object Repository/Page_CURA Healthcare Service/li_(678) 813-1KMS' is visible

2023-10-11 12:18:22 - [TEST_STEP][PASSED] - verifyElementVisible(findTestObject("Object Repository/Page_CURA Healthcare Service/li_infokatalon.com"), STOP_ON_FAILURE): Object 'Object Repository/Page_CURA Healthcare Service/li_infokatalon.com' is visible

2023-10-11 12:18:23 - [MESSAGE][PASSED] - Object 'Object Repository/Page_CURA Healthcare Service/li_infokatalon.com' is visible

2023-10-11 12:18:23 - [TEST_STEP][PASSED] - verifyElementVisible(findTestObject("Object Repository/Page_CURA Healthcare Service/ul_infokatalon.com_list-inline"), STOP_ON_FAILURE): Object 'Object Repository/Page_CURA Healthcare Service/ul_infokatalon.com_list-inline' is visible

2023-10-11 12:18:23 - [MESSAGE][PASSED] - Object 'Object Repository/Page_CURA Healthcare Service/ul_infokatalon.com_list-inline' is visible

2023-10-11 12:18:23 - [TEST_STEP][PASSED] - verifyElementVisible(findTestObject("Object Repository/Page_CURA Healthcare Service/p_Copyright  CURA Healthcare Service 2023"), STOP_ON_FAILURE): Object 'Object Repository/Page_CURA Healthcare Service/p_Copyright  CURA Healthcare Service 2023' is visible

2023-10-11 12:18:23 - [MESSAGE][PASSED] - Object 'Object Repository/Page_CURA Healthcare Service/p_Copyright  CURA Healthcare Service 2023' is visible

2023-10-11 12:18:23 - [TEST_STEP][PASSED] - closeBrowser(): Browser is closed

2023-10-11 12:18:24 - [MESSAGE][PASSED] - Browser is closed]]></system-out>
         <system-err><![CDATA[]]></system-err>
      </testcase>
      <system-out><![CDATA[2023-10-11 12:18:03 - [TEST_SUITE][PASSED] - VerifyElements: Test Cases/VerifyHomePageVisible]]></system-out>
      <system-err><![CDATA[]]></system-err>
   </testsuite>
   <testsuite name="VerifyLoginEles" tests="2" failures="0" errors="0" time="27.163" skipped="0" timestamp="2023-10-11 12:18:27" hostname="aamirzadehasl - USLMAAAMIRZADE1.us.deloitte.com" id="Test Suites/VerifyLoginEles">
      <properties>
         <property name="deviceName" value=""/>
         <property name="devicePlatform" value=""/>
         <property name="logFolder" value="C:\\Users\\aamirzadehasl\\git\\tutorialKatolon2\\Reports\\20231011_121756\\VerifyLoginEles\\20231011_121759"/>
         <property name="logFiles" value="C:\\Users\\aamirzadehasl\\git\\tutorialKatolon2\\Reports\\20231011_121756\\VerifyLoginEles\\20231011_121759\\execution0.log"/>
         <property name="attachments" value="keyes\keyes-LoginPage.png, keyes\keyes-LoginPage.png"/>
         <property name="hostName" value="aamirzadehasl - USLMAAAMIRZADE1.us.deloitte.com"/>
         <property name="os" value="Windows 10 64bit"/>
         <property name="katalonVersion" value="8.6.8.208"/>
         <property name="browser" value="Chrome 117.0.0.0"/>
         <property name="hostAddress" value="10.0.0.113"/>
         <property name="sessionId" value="bd5992758e53331f59c2c0ca26927827"/>
         <property name="seleniumVersion" value="3.141.59"/>
         <property name="proxyInformation" value="ProxyInformation { proxyOption=NO_PROXY, proxyServerType=HTTP, username=, password=********, proxyServerAddress=, proxyServerPort=0, executionList=&quot;&quot;, isApplyToDesiredCapabilities=true }"/>
         <property name="platform" value="Windows 10"/>
      </properties>
      <testcase name="Test Cases/LoginAndVerifyPresent" time="14.281" classname="Test Cases/LoginAndVerifyPresent" status="PASSED">
         <system-out><![CDATA[2023-10-11 12:18:28 - [TEST_CASE][PASSED] - Test Cases/LoginAndVerifyPresent: Test Cases/LoginAndVerifyPresent

2023-10-11 12:18:28 - [TEST_STEP][PASSED] - callTestCase(findTestCase("Login"), [:], STOP_ON_FAILURE): Call Test Case 'Test Cases/Login' successfully

2023-10-11 12:18:28 - [TEST_CASE][PASSED] - Test Cases/Login: Test Cases/Login

2023-10-11 12:18:29 - [TEST_STEP][PASSED] - openBrowser(""): Browser is opened with url: ''

2023-10-11 12:18:29 - [MESSAGE][INFO] - Starting 'Chrome' driver

2023-10-11 12:18:29 - [MESSAGE][INFO] - Action delay is set to 0 milliseconds

2023-10-11 12:18:32 - [MESSAGE][PASSED] - Browser is opened with url: ''

2023-10-11 12:18:32 - [TEST_STEP][PASSED] - navigateToUrl("https://katalon-demo-cura.herokuapp.com/"): Navigate to 'https://katalon-demo-cura.herokuapp.com/' successfully

2023-10-11 12:18:33 - [MESSAGE][PASSED] - Navigate to 'https://katalon-demo-cura.herokuapp.com/' successfully

2023-10-11 12:18:33 - [TEST_STEP][PASSED] - click(findTestObject("Object Repository/Page_CURA Healthcare Service/a_Make Appointment")): Object: 'Object Repository/Page_CURA Healthcare Service/a_Make Appointment' is clicked on

2023-10-11 12:18:33 - [MESSAGE][PASSED] - Object: 'Object Repository/Page_CURA Healthcare Service/a_Make Appointment' is clicked on

2023-10-11 12:18:33 - [TEST_STEP][PASSED] - click(findTestObject("Object Repository/Page_CURA Healthcare Service/body_CURA Healthcare                       _fb9a78")): Object: 'Object Repository/Page_CURA Healthcare Service/body_CURA Healthcare                       _fb9a78' is clicked on

2023-10-11 12:18:34 - [MESSAGE][PASSED] - Object: 'Object Repository/Page_CURA Healthcare Service/body_CURA Healthcare                       _fb9a78' is clicked on

2023-10-11 12:18:34 - [TEST_STEP][PASSED] - setText(findTestObject("Object Repository/Page_CURA Healthcare Service/input_Username_username"), "John Doe"): Text 'John Doe' is set on object 'Object Repository/Page_CURA Healthcare Service/input_Username_username'

2023-10-11 12:18:34 - [MESSAGE][PASSED] - Text 'John Doe' is set on object 'Object Repository/Page_CURA Healthcare Service/input_Username_username'

2023-10-11 12:18:34 - [TEST_STEP][PASSED] - setEncryptedText(findTestObject("Object Repository/Page_CURA Healthcare Service/input_Password_password"), "g3/DOGG74jC3Flrr3yH+3D/yKbOqqUNM"): Text ****** has been set on object 'Object Repository/Page_CURA Healthcare Service/input_Password_password'

2023-10-11 12:18:35 - [MESSAGE][PASSED] - Text ****** has been set on object 'Object Repository/Page_CURA Healthcare Service/input_Password_password'

2023-10-11 12:18:35 - [TEST_STEP][PASSED] - click(findTestObject("Object Repository/Page_CURA Healthcare Service/button_Login")): Object: 'Object Repository/Page_CURA Healthcare Service/button_Login' is clicked on

2023-10-11 12:18:35 - [MESSAGE][PASSED] - Object: 'Object Repository/Page_CURA Healthcare Service/button_Login' is clicked on

2023-10-11 12:18:35 - [MESSAGE][PASSED] - Call Test Case 'Test Cases/Login' successfully

2023-10-11 12:18:35 - [TEST_STEP][PASSED] - maximizeWindow(): Current window maximized

2023-10-11 12:18:36 - [MESSAGE][PASSED] - Current window maximized

2023-10-11 12:18:36 - [TEST_STEP][PASSED] - takeFullPageScreenshotAsCheckpoint("LoginPage"): Taking screenshot successfully

2023-10-11 12:18:37 - [MESSAGE][INFO] - 0 hidden object(s)

2023-10-11 12:18:38 - [MESSAGE][PASSED] - Taking screenshot successfully
[[ATTACHMENT|keyes\keyes-LoginPage.png]]

2023-10-11 12:18:38 - [TEST_STEP][PASSED] - verifyElementPresent(findTestObject("Object Repository/Page_CURA Healthcare Service/h2_Make Appointment"), 0): Object 'Object Repository/Page_CURA Healthcare Service/h2_Make Appointment' is present

2023-10-11 12:18:38 - [MESSAGE][WARNING] - Timeout '0' is invalid. Using default page load timeout: '30'

2023-10-11 12:18:38 - [MESSAGE][PASSED] - Object 'Object Repository/Page_CURA Healthcare Service/h2_Make Appointment' is present

2023-10-11 12:18:38 - [TEST_STEP][PASSED] - verifyElementPresent(findTestObject("Object Repository/Page_CURA Healthcare Service/label_Facility"), 0): Object 'Object Repository/Page_CURA Healthcare Service/label_Facility' is present

2023-10-11 12:18:38 - [MESSAGE][WARNING] - Timeout '0' is invalid. Using default page load timeout: '30'

2023-10-11 12:18:39 - [MESSAGE][PASSED] - Object 'Object Repository/Page_CURA Healthcare Service/label_Facility' is present

2023-10-11 12:18:39 - [TEST_STEP][PASSED] - verifyElementPresent(findTestObject("Object Repository/Page_CURA Healthcare Service/select_Tokyo CURA Healthcare Center        _5b4107"), 0): Object 'Object Repository/Page_CURA Healthcare Service/select_Tokyo CURA Healthcare Center        _5b4107' is present

2023-10-11 12:18:39 - [MESSAGE][WARNING] - Timeout '0' is invalid. Using default page load timeout: '30'

2023-10-11 12:18:39 - [MESSAGE][PASSED] - Object 'Object Repository/Page_CURA Healthcare Service/select_Tokyo CURA Healthcare Center        _5b4107' is present

2023-10-11 12:18:39 - [TEST_STEP][PASSED] - verifyElementPresent(findTestObject("Object Repository/Page_CURA Healthcare Service/label_Apply for hospital readmission"), 0): Object 'Object Repository/Page_CURA Healthcare Service/label_Apply for hospital readmission' is present

2023-10-11 12:18:39 - [MESSAGE][WARNING] - Timeout '0' is invalid. Using default page load timeout: '30'

2023-10-11 12:18:39 - [MESSAGE][PASSED] - Object 'Object Repository/Page_CURA Healthcare Service/label_Apply for hospital readmission' is present

2023-10-11 12:18:39 - [TEST_STEP][PASSED] - verifyElementPresent(findTestObject("Object Repository/Page_CURA Healthcare Service/label_Healthcare Program"), 0): Object 'Object Repository/Page_CURA Healthcare Service/label_Healthcare Program' is present

2023-10-11 12:18:39 - [MESSAGE][WARNING] - Timeout '0' is invalid. Using default page load timeout: '30'

2023-10-11 12:18:40 - [MESSAGE][PASSED] - Object 'Object Repository/Page_CURA Healthcare Service/label_Healthcare Program' is present

2023-10-11 12:18:40 - [TEST_STEP][PASSED] - verifyElementPresent(findTestObject("Object Repository/Page_CURA Healthcare Service/div_Medicare                               _cb3988"), 0): Object 'Object Repository/Page_CURA Healthcare Service/div_Medicare                               _cb3988' is present

2023-10-11 12:18:40 - [MESSAGE][WARNING] - Timeout '0' is invalid. Using default page load timeout: '30'

2023-10-11 12:18:40 - [MESSAGE][PASSED] - Object 'Object Repository/Page_CURA Healthcare Service/div_Medicare                               _cb3988' is present

2023-10-11 12:18:40 - [TEST_STEP][PASSED] - verifyElementPresent(findTestObject("Object Repository/Page_CURA Healthcare Service/label_Visit Date (Required)"), 0): Object 'Object Repository/Page_CURA Healthcare Service/label_Visit Date (Required)' is present

2023-10-11 12:18:40 - [MESSAGE][WARNING] - Timeout '0' is invalid. Using default page load timeout: '30'

2023-10-11 12:18:40 - [MESSAGE][PASSED] - Object 'Object Repository/Page_CURA Healthcare Service/label_Visit Date (Required)' is present

2023-10-11 12:18:40 - [TEST_STEP][PASSED] - verifyElementPresent(findTestObject("Object Repository/Page_CURA Healthcare Service/div_Visit Date (Required)_col-sm-4"), 0): Object 'Object Repository/Page_CURA Healthcare Service/div_Visit Date (Required)_col-sm-4' is present

2023-10-11 12:18:40 - [MESSAGE][WARNING] - Timeout '0' is invalid. Using default page load timeout: '30'

2023-10-11 12:18:41 - [MESSAGE][PASSED] - Object 'Object Repository/Page_CURA Healthcare Service/div_Visit Date (Required)_col-sm-4' is present

2023-10-11 12:18:41 - [TEST_STEP][PASSED] - verifyElementPresent(findTestObject("Object Repository/Page_CURA Healthcare Service/div_Comment"), 0): Object 'Object Repository/Page_CURA Healthcare Service/div_Comment' is present

2023-10-11 12:18:41 - [MESSAGE][WARNING] - Timeout '0' is invalid. Using default page load timeout: '30'

2023-10-11 12:18:41 - [MESSAGE][PASSED] - Object 'Object Repository/Page_CURA Healthcare Service/div_Comment' is present

2023-10-11 12:18:41 - [TEST_STEP][PASSED] - verifyElementPresent(findTestObject("Object Repository/Page_CURA Healthcare Service/button_Book Appointment"), 0): Object 'Object Repository/Page_CURA Healthcare Service/button_Book Appointment' is present

2023-10-11 12:18:41 - [MESSAGE][WARNING] - Timeout '0' is invalid. Using default page load timeout: '30'

2023-10-11 12:18:41 - [MESSAGE][PASSED] - Object 'Object Repository/Page_CURA Healthcare Service/button_Book Appointment' is present

2023-10-11 12:18:41 - [TEST_STEP][PASSED] - closeBrowser(): Browser is closed

2023-10-11 12:18:42 - [MESSAGE][PASSED] - Browser is closed]]></system-out>
         <system-err><![CDATA[]]></system-err>
      </testcase>
      <testcase name="Test Cases/LoginAndVerifyVisible" time="12.602" classname="Test Cases/LoginAndVerifyVisible" status="PASSED">
         <system-out><![CDATA[2023-10-11 12:18:42 - [TEST_CASE][PASSED] - Test Cases/LoginAndVerifyVisible: Test Cases/LoginAndVerifyVisible

2023-10-11 12:18:42 - [TEST_STEP][PASSED] - callTestCase(findTestCase("Login"), [:], STOP_ON_FAILURE): Call Test Case 'Test Cases/Login' successfully

2023-10-11 12:18:42 - [TEST_CASE][PASSED] - Test Cases/Login: Test Cases/Login

2023-10-11 12:18:42 - [TEST_STEP][PASSED] - openBrowser(""): Browser is opened with url: ''

2023-10-11 12:18:42 - [MESSAGE][INFO] - Starting 'Chrome' driver

2023-10-11 12:18:42 - [MESSAGE][INFO] - Action delay is set to 0 milliseconds

2023-10-11 12:18:44 - [MESSAGE][PASSED] - Browser is opened with url: ''

2023-10-11 12:18:44 - [TEST_STEP][PASSED] - navigateToUrl("https://katalon-demo-cura.herokuapp.com/"): Navigate to 'https://katalon-demo-cura.herokuapp.com/' successfully

2023-10-11 12:18:45 - [MESSAGE][PASSED] - Navigate to 'https://katalon-demo-cura.herokuapp.com/' successfully

2023-10-11 12:18:45 - [TEST_STEP][PASSED] - click(findTestObject("Object Repository/Page_CURA Healthcare Service/a_Make Appointment")): Object: 'Object Repository/Page_CURA Healthcare Service/a_Make Appointment' is clicked on

2023-10-11 12:18:46 - [MESSAGE][PASSED] - Object: 'Object Repository/Page_CURA Healthcare Service/a_Make Appointment' is clicked on

2023-10-11 12:18:46 - [TEST_STEP][PASSED] - click(findTestObject("Object Repository/Page_CURA Healthcare Service/body_CURA Healthcare                       _fb9a78")): Object: 'Object Repository/Page_CURA Healthcare Service/body_CURA Healthcare                       _fb9a78' is clicked on

2023-10-11 12:18:46 - [MESSAGE][PASSED] - Object: 'Object Repository/Page_CURA Healthcare Service/body_CURA Healthcare                       _fb9a78' is clicked on

2023-10-11 12:18:46 - [TEST_STEP][PASSED] - setText(findTestObject("Object Repository/Page_CURA Healthcare Service/input_Username_username"), "John Doe"): Text 'John Doe' is set on object 'Object Repository/Page_CURA Healthcare Service/input_Username_username'

2023-10-11 12:18:47 - [MESSAGE][PASSED] - Text 'John Doe' is set on object 'Object Repository/Page_CURA Healthcare Service/input_Username_username'

2023-10-11 12:18:47 - [TEST_STEP][PASSED] - setEncryptedText(findTestObject("Object Repository/Page_CURA Healthcare Service/input_Password_password"), "g3/DOGG74jC3Flrr3yH+3D/yKbOqqUNM"): Text ****** has been set on object 'Object Repository/Page_CURA Healthcare Service/input_Password_password'

2023-10-11 12:18:47 - [MESSAGE][PASSED] - Text ****** has been set on object 'Object Repository/Page_CURA Healthcare Service/input_Password_password'

2023-10-11 12:18:47 - [TEST_STEP][PASSED] - click(findTestObject("Object Repository/Page_CURA Healthcare Service/button_Login")): Object: 'Object Repository/Page_CURA Healthcare Service/button_Login' is clicked on

2023-10-11 12:18:48 - [MESSAGE][PASSED] - Object: 'Object Repository/Page_CURA Healthcare Service/button_Login' is clicked on

2023-10-11 12:18:48 - [MESSAGE][PASSED] - Call Test Case 'Test Cases/Login' successfully

2023-10-11 12:18:48 - [TEST_STEP][PASSED] - maximizeWindow(): Current window maximized

2023-10-11 12:18:48 - [MESSAGE][PASSED] - Current window maximized

2023-10-11 12:18:48 - [TEST_STEP][PASSED] - waitForPageLoad(0): Wait for page load successfully

2023-10-11 12:18:48 - [MESSAGE][WARNING] - Timeout '0' is invalid. Using default page load timeout: '30'

2023-10-11 12:18:48 - [MESSAGE][PASSED] - Wait for page load successfully

2023-10-11 12:18:48 - [TEST_STEP][PASSED] - takeFullPageScreenshotAsCheckpoint("LoginPage"): Taking screenshot successfully

2023-10-11 12:18:50 - [MESSAGE][INFO] - 0 hidden object(s)

2023-10-11 12:18:50 - [MESSAGE][PASSED] - Taking screenshot successfully
[[ATTACHMENT|keyes\keyes-LoginPage.png]]

2023-10-11 12:18:50 - [TEST_STEP][PASSED] - verifyElementVisible(findTestObject("Object Repository/Page_CURA Healthcare Service/h2_Make Appointment"), STOP_ON_FAILURE): Object 'Object Repository/Page_CURA Healthcare Service/h2_Make Appointment' is visible

2023-10-11 12:18:51 - [MESSAGE][PASSED] - Object 'Object Repository/Page_CURA Healthcare Service/h2_Make Appointment' is visible

2023-10-11 12:18:51 - [TEST_STEP][PASSED] - verifyElementVisible(findTestObject("Object Repository/Page_CURA Healthcare Service/label_Facility"), STOP_ON_FAILURE): Object 'Object Repository/Page_CURA Healthcare Service/label_Facility' is visible

2023-10-11 12:18:51 - [MESSAGE][PASSED] - Object 'Object Repository/Page_CURA Healthcare Service/label_Facility' is visible

2023-10-11 12:18:51 - [TEST_STEP][PASSED] - verifyElementVisible(findTestObject("Object Repository/Page_CURA Healthcare Service/select_Tokyo CURA Healthcare Center        _5b4107"), STOP_ON_FAILURE): Object 'Object Repository/Page_CURA Healthcare Service/select_Tokyo CURA Healthcare Center        _5b4107' is visible

2023-10-11 12:18:51 - [MESSAGE][PASSED] - Object 'Object Repository/Page_CURA Healthcare Service/select_Tokyo CURA Healthcare Center        _5b4107' is visible

2023-10-11 12:18:51 - [TEST_STEP][PASSED] - verifyElementVisible(findTestObject("Object Repository/Page_CURA Healthcare Service/label_Apply for hospital readmission"), STOP_ON_FAILURE): Object 'Object Repository/Page_CURA Healthcare Service/label_Apply for hospital readmission' is visible

2023-10-11 12:18:52 - [MESSAGE][PASSED] - Object 'Object Repository/Page_CURA Healthcare Service/label_Apply for hospital readmission' is visible

2023-10-11 12:18:52 - [TEST_STEP][PASSED] - verifyElementVisible(findTestObject("Object Repository/Page_CURA Healthcare Service/label_Healthcare Program"), STOP_ON_FAILURE): Object 'Object Repository/Page_CURA Healthcare Service/label_Healthcare Program' is visible

2023-10-11 12:18:52 - [MESSAGE][PASSED] - Object 'Object Repository/Page_CURA Healthcare Service/label_Healthcare Program' is visible

2023-10-11 12:18:52 - [TEST_STEP][PASSED] - verifyElementVisible(findTestObject("Object Repository/Page_CURA Healthcare Service/div_Medicare                               _cb3988"), STOP_ON_FAILURE): Object 'Object Repository/Page_CURA Healthcare Service/div_Medicare                               _cb3988' is visible

2023-10-11 12:18:52 - [MESSAGE][PASSED] - Object 'Object Repository/Page_CURA Healthcare Service/div_Medicare                               _cb3988' is visible

2023-10-11 12:18:52 - [TEST_STEP][PASSED] - verifyElementVisible(findTestObject("Object Repository/Page_CURA Healthcare Service/label_Visit Date (Required)"), STOP_ON_FAILURE): Object 'Object Repository/Page_CURA Healthcare Service/label_Visit Date (Required)' is visible

2023-10-11 12:18:53 - [MESSAGE][PASSED] - Object 'Object Repository/Page_CURA Healthcare Service/label_Visit Date (Required)' is visible

2023-10-11 12:18:53 - [TEST_STEP][PASSED] - verifyElementVisible(findTestObject("Object Repository/Page_CURA Healthcare Service/div_Visit Date (Required)_col-sm-4"), STOP_ON_FAILURE): Object 'Object Repository/Page_CURA Healthcare Service/div_Visit Date (Required)_col-sm-4' is visible

2023-10-11 12:18:53 - [MESSAGE][PASSED] - Object 'Object Repository/Page_CURA Healthcare Service/div_Visit Date (Required)_col-sm-4' is visible

2023-10-11 12:18:53 - [TEST_STEP][PASSED] - verifyElementVisible(findTestObject("Object Repository/Page_CURA Healthcare Service/div_Comment"), STOP_ON_FAILURE): Object 'Object Repository/Page_CURA Healthcare Service/div_Comment' is visible

2023-10-11 12:18:53 - [MESSAGE][PASSED] - Object 'Object Repository/Page_CURA Healthcare Service/div_Comment' is visible

2023-10-11 12:18:53 - [TEST_STEP][PASSED] - verifyElementVisible(findTestObject("Object Repository/Page_CURA Healthcare Service/button_Book Appointment"), STOP_ON_FAILURE): Object 'Object Repository/Page_CURA Healthcare Service/button_Book Appointment' is visible

2023-10-11 12:18:54 - [MESSAGE][PASSED] - Object 'Object Repository/Page_CURA Healthcare Service/button_Book Appointment' is visible

2023-10-11 12:18:54 - [TEST_STEP][PASSED] - closeBrowser(): Browser is closed

2023-10-11 12:18:54 - [MESSAGE][PASSED] - Browser is closed]]></system-out>
         <system-err><![CDATA[]]></system-err>
      </testcase>
      <system-out><![CDATA[2023-10-11 12:18:27 - [TEST_SUITE][PASSED] - VerifyLoginEles: Test Cases/LoginAndVerifyVisible]]></system-out>
      <system-err><![CDATA[]]></system-err>
   </testsuite>
</testsuites>
