<?xml version="1.0" encoding="UTF-8"?>
<testsuites name="VerifyElements" time="15.998" tests="2" failures="0" errors="0">
   <testsuite name="VerifyElements" tests="2" failures="0" errors="0" time="15.998" skipped="0" timestamp="2023-10-10 15:09:10" hostname="aamirzadehasl - USLMAAAMIRZADE1.us.deloitte.com" id="Test Suites/VerifyElements">
      <properties>
         <property name="deviceName" value=""/>
         <property name="devicePlatform" value=""/>
         <property name="logFolder" value="C:\\Users\\aamirzadehasl\\git\\tutorialKatolon2\\Reports\\20231010_150907\\VerifyElements\\20231010_150907"/>
         <property name="logFiles" value="C:\\Users\\aamirzadehasl\\git\\tutorialKatolon2\\Reports\\20231010_150907\\VerifyElements\\20231010_150907\\execution0.log"/>
         <property name="attachments" value=""/>
         <property name="hostName" value="aamirzadehasl - USLMAAAMIRZADE1.us.deloitte.com"/>
         <property name="os" value="Windows 10 64bit"/>
         <property name="katalonVersion" value="8.6.8.208"/>
         <property name="browser" value="Chrome 117.0.0.0"/>
         <property name="hostAddress" value="10.0.0.113"/>
         <property name="sessionId" value="851aa11ef920a49132619c065a744a4d"/>
         <property name="seleniumVersion" value="3.141.59"/>
         <property name="proxyInformation" value="ProxyInformation { proxyOption=NO_PROXY, proxyServerType=HTTP, username=, password=********, proxyServerAddress=, proxyServerPort=0, executionList=&quot;&quot;, isApplyToDesiredCapabilities=true }"/>
         <property name="platform" value="Windows 10"/>
      </properties>
      <testcase name="Test Cases/VerifyHomePagePresent" time="8.602" classname="Test Cases/VerifyHomePagePresent" status="PASSED">
         <system-out><![CDATA[2023-10-10 15:09:10 - [TEST_CASE][PASSED] - Test Cases/VerifyHomePagePresent: Test Cases/VerifyHomePagePresent

2023-10-10 15:09:10 - [TEST_STEP][PASSED] - callTestCase(findTestCase("OpenToWebsite"), [:], STOP_ON_FAILURE): Call Test Case 'Test Cases/OpenToWebsite' successfully

2023-10-10 15:09:11 - [TEST_CASE][PASSED] - Test Cases/OpenToWebsite: Test Cases/OpenToWebsite

2023-10-10 15:09:11 - [TEST_STEP][PASSED] - openBrowser("http://demoaut.katalon.com/"): Browser is opened with url: 'http://demoaut.katalon.com/'

2023-10-10 15:09:11 - [MESSAGE][INFO] - Starting 'Chrome' driver

2023-10-10 15:09:11 - [MESSAGE][INFO] - Action delay is set to 0 milliseconds

2023-10-10 15:09:15 - [MESSAGE][PASSED] - Browser is opened with url: 'http://demoaut.katalon.com/'

2023-10-10 15:09:15 - [MESSAGE][PASSED] - Call Test Case 'Test Cases/OpenToWebsite' successfully

2023-10-10 15:09:15 - [TEST_STEP][PASSED] - verifyElementPresent(findTestObject("Object Repository/Page_CURA Healthcare Service/h1_CURA Healthcare Service"), 0): Object 'Object Repository/Page_CURA Healthcare Service/h1_CURA Healthcare Service' is present

2023-10-10 15:09:15 - [MESSAGE][WARNING] - Timeout '0' is invalid. Using default page load timeout: '30'

2023-10-10 15:09:15 - [MESSAGE][PASSED] - Object 'Object Repository/Page_CURA Healthcare Service/h1_CURA Healthcare Service' is present

2023-10-10 15:09:15 - [TEST_STEP][PASSED] - verifyElementPresent(findTestObject("Object Repository/Page_CURA Healthcare Service/h3_We Care About Your Health"), 0): Object 'Object Repository/Page_CURA Healthcare Service/h3_We Care About Your Health' is present

2023-10-10 15:09:15 - [MESSAGE][WARNING] - Timeout '0' is invalid. Using default page load timeout: '30'

2023-10-10 15:09:16 - [MESSAGE][PASSED] - Object 'Object Repository/Page_CURA Healthcare Service/h3_We Care About Your Health' is present

2023-10-10 15:09:16 - [TEST_STEP][PASSED] - verifyElementPresent(findTestObject("Object Repository/Page_CURA Healthcare Service/a_Make Appointment"), 0): Object 'Object Repository/Page_CURA Healthcare Service/a_Make Appointment' is present

2023-10-10 15:09:16 - [MESSAGE][WARNING] - Timeout '0' is invalid. Using default page load timeout: '30'

2023-10-10 15:09:16 - [MESSAGE][PASSED] - Object 'Object Repository/Page_CURA Healthcare Service/a_Make Appointment' is present

2023-10-10 15:09:16 - [TEST_STEP][PASSED] - verifyElementPresent(findTestObject("Object Repository/Page_CURA Healthcare Service/strong_CURA Healthcare Service"), 0): Object 'Object Repository/Page_CURA Healthcare Service/strong_CURA Healthcare Service' is present

2023-10-10 15:09:16 - [MESSAGE][WARNING] - Timeout '0' is invalid. Using default page load timeout: '30'

2023-10-10 15:09:16 - [MESSAGE][PASSED] - Object 'Object Repository/Page_CURA Healthcare Service/strong_CURA Healthcare Service' is present

2023-10-10 15:09:16 - [TEST_STEP][PASSED] - verifyElementPresent(findTestObject("Object Repository/Page_CURA Healthcare Service/p_Atlanta 550 Pharr Road NE Suite 525Atlant_8f4c85"), 0): Object 'Object Repository/Page_CURA Healthcare Service/p_Atlanta 550 Pharr Road NE Suite 525Atlant_8f4c85' is present

2023-10-10 15:09:16 - [MESSAGE][WARNING] - Timeout '0' is invalid. Using default page load timeout: '30'

2023-10-10 15:09:17 - [MESSAGE][PASSED] - Object 'Object Repository/Page_CURA Healthcare Service/p_Atlanta 550 Pharr Road NE Suite 525Atlant_8f4c85' is present

2023-10-10 15:09:17 - [TEST_STEP][PASSED] - verifyElementPresent(findTestObject("Object Repository/Page_CURA Healthcare Service/li_(678) 813-1KMS"), 0): Object 'Object Repository/Page_CURA Healthcare Service/li_(678) 813-1KMS' is present

2023-10-10 15:09:17 - [MESSAGE][WARNING] - Timeout '0' is invalid. Using default page load timeout: '30'

2023-10-10 15:09:17 - [MESSAGE][PASSED] - Object 'Object Repository/Page_CURA Healthcare Service/li_(678) 813-1KMS' is present

2023-10-10 15:09:17 - [TEST_STEP][PASSED] - verifyElementPresent(findTestObject("Object Repository/Page_CURA Healthcare Service/li_infokatalon.com"), 0): Object 'Object Repository/Page_CURA Healthcare Service/li_infokatalon.com' is present

2023-10-10 15:09:17 - [MESSAGE][WARNING] - Timeout '0' is invalid. Using default page load timeout: '30'

2023-10-10 15:09:17 - [MESSAGE][PASSED] - Object 'Object Repository/Page_CURA Healthcare Service/li_infokatalon.com' is present

2023-10-10 15:09:17 - [TEST_STEP][PASSED] - verifyElementPresent(findTestObject("Object Repository/Page_CURA Healthcare Service/ul_infokatalon.com_list-inline"), 0): Object 'Object Repository/Page_CURA Healthcare Service/ul_infokatalon.com_list-inline' is present

2023-10-10 15:09:17 - [MESSAGE][WARNING] - Timeout '0' is invalid. Using default page load timeout: '30'

2023-10-10 15:09:18 - [MESSAGE][PASSED] - Object 'Object Repository/Page_CURA Healthcare Service/ul_infokatalon.com_list-inline' is present

2023-10-10 15:09:18 - [TEST_STEP][PASSED] - verifyElementPresent(findTestObject("Object Repository/Page_CURA Healthcare Service/p_Copyright  CURA Healthcare Service 2023"), 0): Object 'Object Repository/Page_CURA Healthcare Service/p_Copyright  CURA Healthcare Service 2023' is present

2023-10-10 15:09:18 - [MESSAGE][WARNING] - Timeout '0' is invalid. Using default page load timeout: '30'

2023-10-10 15:09:18 - [MESSAGE][PASSED] - Object 'Object Repository/Page_CURA Healthcare Service/p_Copyright  CURA Healthcare Service 2023' is present

2023-10-10 15:09:18 - [TEST_STEP][PASSED] - closeBrowser(): Browser is closed

2023-10-10 15:09:19 - [MESSAGE][PASSED] - Browser is closed]]></system-out>
         <system-err><![CDATA[]]></system-err>
      </testcase>
      <testcase name="Test Cases/VerifyHomePageVisible" time="7.129" classname="Test Cases/VerifyHomePageVisible" status="PASSED">
         <system-out><![CDATA[2023-10-10 15:09:19 - [TEST_CASE][PASSED] - Test Cases/VerifyHomePageVisible: Test Cases/VerifyHomePageVisible

2023-10-10 15:09:19 - [TEST_STEP][PASSED] - callTestCase(findTestCase("OpenToWebsite"), [:], STOP_ON_FAILURE): Call Test Case 'Test Cases/OpenToWebsite' successfully

2023-10-10 15:09:19 - [TEST_CASE][PASSED] - Test Cases/OpenToWebsite: Test Cases/OpenToWebsite

2023-10-10 15:09:19 - [TEST_STEP][PASSED] - openBrowser("http://demoaut.katalon.com/"): Browser is opened with url: 'http://demoaut.katalon.com/'

2023-10-10 15:09:19 - [MESSAGE][INFO] - Starting 'Chrome' driver

2023-10-10 15:09:19 - [MESSAGE][INFO] - Action delay is set to 0 milliseconds

2023-10-10 15:09:22 - [MESSAGE][PASSED] - Browser is opened with url: 'http://demoaut.katalon.com/'

2023-10-10 15:09:22 - [MESSAGE][PASSED] - Call Test Case 'Test Cases/OpenToWebsite' successfully

2023-10-10 15:09:22 - [TEST_STEP][PASSED] - verifyElementVisible(findTestObject("Object Repository/Page_CURA Healthcare Service/h1_CURA Healthcare Service")): Object 'Object Repository/Page_CURA Healthcare Service/h1_CURA Healthcare Service' is visible

2023-10-10 15:09:22 - [MESSAGE][PASSED] - Object 'Object Repository/Page_CURA Healthcare Service/h1_CURA Healthcare Service' is visible

2023-10-10 15:09:22 - [TEST_STEP][PASSED] - verifyElementVisible(findTestObject("Object Repository/Page_CURA Healthcare Service/h3_We Care About Your Health"), STOP_ON_FAILURE): Object 'Object Repository/Page_CURA Healthcare Service/h3_We Care About Your Health' is visible

2023-10-10 15:09:23 - [MESSAGE][PASSED] - Object 'Object Repository/Page_CURA Healthcare Service/h3_We Care About Your Health' is visible

2023-10-10 15:09:23 - [TEST_STEP][PASSED] - verifyElementVisible(findTestObject("Object Repository/Page_CURA Healthcare Service/a_Make Appointment"), STOP_ON_FAILURE): Object 'Object Repository/Page_CURA Healthcare Service/a_Make Appointment' is visible

2023-10-10 15:09:23 - [MESSAGE][PASSED] - Object 'Object Repository/Page_CURA Healthcare Service/a_Make Appointment' is visible

2023-10-10 15:09:23 - [TEST_STEP][PASSED] - verifyElementVisible(findTestObject("Object Repository/Page_CURA Healthcare Service/strong_CURA Healthcare Service"), STOP_ON_FAILURE): Object 'Object Repository/Page_CURA Healthcare Service/strong_CURA Healthcare Service' is visible

2023-10-10 15:09:23 - [MESSAGE][PASSED] - Object 'Object Repository/Page_CURA Healthcare Service/strong_CURA Healthcare Service' is visible

2023-10-10 15:09:23 - [TEST_STEP][PASSED] - verifyElementVisible(findTestObject("Object Repository/Page_CURA Healthcare Service/p_Atlanta 550 Pharr Road NE Suite 525Atlant_8f4c85"), STOP_ON_FAILURE): Object 'Object Repository/Page_CURA Healthcare Service/p_Atlanta 550 Pharr Road NE Suite 525Atlant_8f4c85' is visible

2023-10-10 15:09:24 - [MESSAGE][PASSED] - Object 'Object Repository/Page_CURA Healthcare Service/p_Atlanta 550 Pharr Road NE Suite 525Atlant_8f4c85' is visible

2023-10-10 15:09:24 - [TEST_STEP][PASSED] - verifyElementVisible(findTestObject("Object Repository/Page_CURA Healthcare Service/li_(678) 813-1KMS"), STOP_ON_FAILURE): Object 'Object Repository/Page_CURA Healthcare Service/li_(678) 813-1KMS' is visible

2023-10-10 15:09:24 - [MESSAGE][PASSED] - Object 'Object Repository/Page_CURA Healthcare Service/li_(678) 813-1KMS' is visible

2023-10-10 15:09:24 - [TEST_STEP][PASSED] - verifyElementVisible(findTestObject("Object Repository/Page_CURA Healthcare Service/li_infokatalon.com"), STOP_ON_FAILURE): Object 'Object Repository/Page_CURA Healthcare Service/li_infokatalon.com' is visible

2023-10-10 15:09:24 - [MESSAGE][PASSED] - Object 'Object Repository/Page_CURA Healthcare Service/li_infokatalon.com' is visible

2023-10-10 15:09:24 - [TEST_STEP][PASSED] - verifyElementVisible(findTestObject("Object Repository/Page_CURA Healthcare Service/ul_infokatalon.com_list-inline"), STOP_ON_FAILURE): Object 'Object Repository/Page_CURA Healthcare Service/ul_infokatalon.com_list-inline' is visible

2023-10-10 15:09:25 - [MESSAGE][PASSED] - Object 'Object Repository/Page_CURA Healthcare Service/ul_infokatalon.com_list-inline' is visible

2023-10-10 15:09:25 - [TEST_STEP][PASSED] - verifyElementVisible(findTestObject("Object Repository/Page_CURA Healthcare Service/p_Copyright  CURA Healthcare Service 2023"), STOP_ON_FAILURE): Object 'Object Repository/Page_CURA Healthcare Service/p_Copyright  CURA Healthcare Service 2023' is visible

2023-10-10 15:09:25 - [MESSAGE][PASSED] - Object 'Object Repository/Page_CURA Healthcare Service/p_Copyright  CURA Healthcare Service 2023' is visible

2023-10-10 15:09:25 - [TEST_STEP][PASSED] - closeBrowser(): Browser is closed

2023-10-10 15:09:26 - [MESSAGE][PASSED] - Browser is closed]]></system-out>
         <system-err><![CDATA[]]></system-err>
      </testcase>
      <system-out><![CDATA[2023-10-10 15:09:10 - [TEST_SUITE][PASSED] - VerifyElements: Test Cases/VerifyHomePageVisible]]></system-out>
      <system-err><![CDATA[]]></system-err>
   </testsuite>
</testsuites>
