<?xml version="1.0" encoding="UTF-8"?>
<testsuites name="VerifyCheckBoxes" time="19.584" tests="2" failures="0" errors="0">
   <testsuite name="VerifyCheckBoxes" tests="2" failures="0" errors="0" time="19.584" skipped="0" timestamp="2023-10-11 12:58:31" hostname="aamirzadehasl - USLMAAAMIRZADE1.us.deloitte.com" id="Test Suites/VerifyCheckBoxes">
      <properties>
         <property name="deviceName" value=""/>
         <property name="devicePlatform" value=""/>
         <property name="logFolder" value="C:\\Users\\aamirzadehasl\\git\\tutorialKatolon2\\Reports\\20231011_125727\\VerifyCheckBoxes\\20231011_125732"/>
         <property name="logFiles" value="C:\\Users\\aamirzadehasl\\git\\tutorialKatolon2\\Reports\\20231011_125727\\VerifyCheckBoxes\\20231011_125732\\execution0.log"/>
         <property name="attachments" value="keyes\keyes-CheckBoxClicked.png"/>
         <property name="hostName" value="aamirzadehasl - USLMAAAMIRZADE1.us.deloitte.com"/>
         <property name="os" value="Windows 10 64bit"/>
         <property name="katalonVersion" value="8.6.8.208"/>
         <property name="browser" value="Chrome 117.0.0.0"/>
         <property name="hostAddress" value="10.0.0.113"/>
         <property name="sessionId" value="a0d64a96557cb7e9cb32eb2debfe7557"/>
         <property name="seleniumVersion" value="3.141.59"/>
         <property name="proxyInformation" value="ProxyInformation { proxyOption=NO_PROXY, proxyServerType=HTTP, username=, password=********, proxyServerAddress=, proxyServerPort=0, executionList=&quot;&quot;, isApplyToDesiredCapabilities=true }"/>
         <property name="platform" value="Windows 10"/>
      </properties>
      <testcase name="Test Cases/LoginCheckBoxClickable" time="9.016" classname="Test Cases/LoginCheckBoxClickable" status="PASSED">
         <system-out><![CDATA[2023-10-11 12:58:32 - [TEST_CASE][PASSED] - Test Cases/LoginCheckBoxClickable: Test Cases/LoginCheckBoxClickable

2023-10-11 12:58:32 - [TEST_STEP][PASSED] - openBrowser(""): Browser is opened with url: ''

2023-10-11 12:58:32 - [MESSAGE][INFO] - Starting 'Chrome' driver

2023-10-11 12:58:32 - [MESSAGE][INFO] - Action delay is set to 0 milliseconds

2023-10-11 12:58:35 - [MESSAGE][PASSED] - Browser is opened with url: ''

2023-10-11 12:58:35 - [TEST_STEP][PASSED] - navigateToUrl("https://katalon-demo-cura.herokuapp.com/"): Navigate to 'https://katalon-demo-cura.herokuapp.com/' successfully

2023-10-11 12:58:36 - [MESSAGE][PASSED] - Navigate to 'https://katalon-demo-cura.herokuapp.com/' successfully

2023-10-11 12:58:36 - [TEST_STEP][PASSED] - click(findTestObject("Object Repository/Page_CURA Healthcare Service/a_Make Appointment")): Object: 'Object Repository/Page_CURA Healthcare Service/a_Make Appointment' is clicked on

2023-10-11 12:58:37 - [MESSAGE][PASSED] - Object: 'Object Repository/Page_CURA Healthcare Service/a_Make Appointment' is clicked on

2023-10-11 12:58:37 - [TEST_STEP][PASSED] - setText(findTestObject("Object Repository/Page_CURA Healthcare Service/input_Username_username"), "John Doe"): Text 'John Doe' is set on object 'Object Repository/Page_CURA Healthcare Service/input_Username_username'

2023-10-11 12:58:38 - [MESSAGE][PASSED] - Text 'John Doe' is set on object 'Object Repository/Page_CURA Healthcare Service/input_Username_username'

2023-10-11 12:58:38 - [TEST_STEP][PASSED] - setEncryptedText(findTestObject("Object Repository/Page_CURA Healthcare Service/input_Password_password"), "g3/DOGG74jC3Flrr3yH+3D/yKbOqqUNM"): Text ****** has been set on object 'Object Repository/Page_CURA Healthcare Service/input_Password_password'

2023-10-11 12:58:38 - [MESSAGE][PASSED] - Text ****** has been set on object 'Object Repository/Page_CURA Healthcare Service/input_Password_password'

2023-10-11 12:58:38 - [TEST_STEP][PASSED] - sendKeys(findTestObject("Object Repository/Page_CURA Healthcare Service/input_Password_password"), Keys.chord(ENTER)): Keys 'ENTER + ' sent to object: 'Object Repository/Page_CURA Healthcare Service/input_Password_password'

2023-10-11 12:58:39 - [MESSAGE][PASSED] - Keys 'ENTER + ' sent to object: 'Object Repository/Page_CURA Healthcare Service/input_Password_password'

2023-10-11 12:58:39 - [TEST_STEP][PASSED] - verifyElementClickable(findTestObject("Object Repository/Page_CURA Healthcare Service/input_Medicare_programs")): Object 'Object Repository/Page_CURA Healthcare Service/input_Medicare_programs' is clickable

2023-10-11 12:58:39 - [MESSAGE][PASSED] - Object 'Object Repository/Page_CURA Healthcare Service/input_Medicare_programs' is clickable

2023-10-11 12:58:39 - [TEST_STEP][PASSED] - verifyElementClickable(findTestObject("Object Repository/Page_CURA Healthcare Service/input_Medicaid_programs")): Object 'Object Repository/Page_CURA Healthcare Service/input_Medicaid_programs' is clickable

2023-10-11 12:58:40 - [MESSAGE][PASSED] - Object 'Object Repository/Page_CURA Healthcare Service/input_Medicaid_programs' is clickable

2023-10-11 12:58:40 - [TEST_STEP][PASSED] - verifyElementClickable(findTestObject("Object Repository/Page_CURA Healthcare Service/input_None_programs")): Object 'Object Repository/Page_CURA Healthcare Service/input_None_programs' is clickable

2023-10-11 12:58:40 - [MESSAGE][PASSED] - Object 'Object Repository/Page_CURA Healthcare Service/input_None_programs' is clickable

2023-10-11 12:58:40 - [TEST_STEP][PASSED] - closeBrowser(): Browser is closed

2023-10-11 12:58:41 - [MESSAGE][PASSED] - Browser is closed]]></system-out>
         <system-err><![CDATA[]]></system-err>
      </testcase>
      <testcase name="Test Cases/LoginClickCheckBoxes" time="10.293" classname="Test Cases/LoginClickCheckBoxes" status="PASSED">
         <system-out><![CDATA[2023-10-11 12:58:41 - [TEST_CASE][PASSED] - Test Cases/LoginClickCheckBoxes: Test Cases/LoginClickCheckBoxes

2023-10-11 12:58:41 - [TEST_STEP][PASSED] - openBrowser(""): Browser is opened with url: ''

2023-10-11 12:58:41 - [MESSAGE][INFO] - Starting 'Chrome' driver

2023-10-11 12:58:41 - [MESSAGE][INFO] - Action delay is set to 0 milliseconds

2023-10-11 12:58:43 - [MESSAGE][PASSED] - Browser is opened with url: ''

2023-10-11 12:58:43 - [TEST_STEP][PASSED] - navigateToUrl("https://katalon-demo-cura.herokuapp.com/"): Navigate to 'https://katalon-demo-cura.herokuapp.com/' successfully

2023-10-11 12:58:44 - [MESSAGE][PASSED] - Navigate to 'https://katalon-demo-cura.herokuapp.com/' successfully

2023-10-11 12:58:44 - [TEST_STEP][PASSED] - maximizeWindow(): Current window maximized

2023-10-11 12:58:44 - [MESSAGE][PASSED] - Current window maximized

2023-10-11 12:58:44 - [TEST_STEP][PASSED] - waitForPageLoad(0): Wait for page load successfully

2023-10-11 12:58:44 - [MESSAGE][WARNING] - Timeout '0' is invalid. Using default page load timeout: '30'

2023-10-11 12:58:44 - [MESSAGE][PASSED] - Wait for page load successfully

2023-10-11 12:58:44 - [TEST_STEP][PASSED] - click(findTestObject("Object Repository/Page_CURA Healthcare Service/a_Make Appointment")): Object: 'Object Repository/Page_CURA Healthcare Service/a_Make Appointment' is clicked on

2023-10-11 12:58:45 - [MESSAGE][PASSED] - Object: 'Object Repository/Page_CURA Healthcare Service/a_Make Appointment' is clicked on

2023-10-11 12:58:45 - [TEST_STEP][PASSED] - click(findTestObject("Object Repository/Page_CURA Healthcare Service/body_CURA Healthcare                       _fb9a78")): Object: 'Object Repository/Page_CURA Healthcare Service/body_CURA Healthcare                       _fb9a78' is clicked on

2023-10-11 12:58:46 - [MESSAGE][PASSED] - Object: 'Object Repository/Page_CURA Healthcare Service/body_CURA Healthcare                       _fb9a78' is clicked on

2023-10-11 12:58:46 - [TEST_STEP][PASSED] - setText(findTestObject("Object Repository/Page_CURA Healthcare Service/input_Username_username"), "John Doe"): Text 'John Doe' is set on object 'Object Repository/Page_CURA Healthcare Service/input_Username_username'

2023-10-11 12:58:46 - [MESSAGE][PASSED] - Text 'John Doe' is set on object 'Object Repository/Page_CURA Healthcare Service/input_Username_username'

2023-10-11 12:58:46 - [TEST_STEP][PASSED] - setEncryptedText(findTestObject("Object Repository/Page_CURA Healthcare Service/input_Password_password"), "g3/DOGG74jC3Flrr3yH+3D/yKbOqqUNM"): Text ****** has been set on object 'Object Repository/Page_CURA Healthcare Service/input_Password_password'

2023-10-11 12:58:47 - [MESSAGE][PASSED] - Text ****** has been set on object 'Object Repository/Page_CURA Healthcare Service/input_Password_password'

2023-10-11 12:58:47 - [TEST_STEP][PASSED] - sendKeys(findTestObject("Object Repository/Page_CURA Healthcare Service/input_Password_password"), Keys.chord(ENTER)): Keys 'ENTER + ' sent to object: 'Object Repository/Page_CURA Healthcare Service/input_Password_password'

2023-10-11 12:58:47 - [MESSAGE][PASSED] - Keys 'ENTER + ' sent to object: 'Object Repository/Page_CURA Healthcare Service/input_Password_password'

2023-10-11 12:58:47 - [TEST_STEP][PASSED] - click(findTestObject("Object Repository/Page_CURA Healthcare Service/input_Medicaid_programs")): Object: 'Object Repository/Page_CURA Healthcare Service/input_Medicaid_programs' is clicked on

2023-10-11 12:58:48 - [MESSAGE][PASSED] - Object: 'Object Repository/Page_CURA Healthcare Service/input_Medicaid_programs' is clicked on

2023-10-11 12:58:48 - [TEST_STEP][PASSED] - click(findTestObject("Object Repository/Page_CURA Healthcare Service/input_None_programs")): Object: 'Object Repository/Page_CURA Healthcare Service/input_None_programs' is clicked on

2023-10-11 12:58:48 - [MESSAGE][PASSED] - Object: 'Object Repository/Page_CURA Healthcare Service/input_None_programs' is clicked on

2023-10-11 12:58:48 - [TEST_STEP][PASSED] - takeFullPageScreenshotAsCheckpoint("CheckBoxClicked"): Taking screenshot successfully

2023-10-11 12:58:50 - [MESSAGE][INFO] - 0 hidden object(s)

2023-10-11 12:58:50 - [MESSAGE][PASSED] - Taking screenshot successfully
[[ATTACHMENT|keyes\keyes-CheckBoxClicked.png]]

2023-10-11 12:58:50 - [TEST_STEP][PASSED] - closeBrowser(): Browser is closed

2023-10-11 12:58:51 - [MESSAGE][PASSED] - Browser is closed]]></system-out>
         <system-err><![CDATA[]]></system-err>
      </testcase>
      <system-out><![CDATA[2023-10-11 12:58:31 - [TEST_SUITE][PASSED] - VerifyCheckBoxes: Test Cases/LoginClickCheckBoxes]]></system-out>
      <system-err><![CDATA[]]></system-err>
   </testsuite>
</testsuites>
