<?xml version="1.0" encoding="UTF-8"?>
<testsuites name="VerifyLoginEles" time="27.322" tests="2" failures="0" errors="0">
   <testsuite name="VerifyLoginEles" tests="2" failures="0" errors="0" time="27.322" skipped="0" timestamp="2023-10-11 12:58:01" hostname="aamirzadehasl - USLMAAAMIRZADE1.us.deloitte.com" id="Test Suites/VerifyLoginEles">
      <properties>
         <property name="deviceName" value=""/>
         <property name="devicePlatform" value=""/>
         <property name="logFolder" value="C:\\Users\\aamirzadehasl\\git\\tutorialKatolon2\\Reports\\20231011_125727\\VerifyLoginEles\\20231011_125730"/>
         <property name="logFiles" value="C:\\Users\\aamirzadehasl\\git\\tutorialKatolon2\\Reports\\20231011_125727\\VerifyLoginEles\\20231011_125730\\execution0.log"/>
         <property name="attachments" value="keyes\keyes-LoginPage.png, keyes\keyes-LoginPage.png"/>
         <property name="hostName" value="aamirzadehasl - USLMAAAMIRZADE1.us.deloitte.com"/>
         <property name="os" value="Windows 10 64bit"/>
         <property name="katalonVersion" value="8.6.8.208"/>
         <property name="browser" value="Chrome 117.0.0.0"/>
         <property name="hostAddress" value="10.0.0.113"/>
         <property name="sessionId" value="08890963b3f6a2c439eac98baf1186c6"/>
         <property name="seleniumVersion" value="3.141.59"/>
         <property name="proxyInformation" value="ProxyInformation { proxyOption=NO_PROXY, proxyServerType=HTTP, username=, password=********, proxyServerAddress=, proxyServerPort=0, executionList=&quot;&quot;, isApplyToDesiredCapabilities=true }"/>
         <property name="platform" value="Windows 10"/>
      </properties>
      <testcase name="Test Cases/LoginAndVerifyPresent" time="14.366" classname="Test Cases/LoginAndVerifyPresent" status="PASSED">
         <system-out><![CDATA[2023-10-11 12:58:01 - [TEST_CASE][PASSED] - Test Cases/LoginAndVerifyPresent: Test Cases/LoginAndVerifyPresent

2023-10-11 12:58:02 - [TEST_STEP][PASSED] - callTestCase(findTestCase("Login"), [:], STOP_ON_FAILURE): Call Test Case 'Test Cases/Login' successfully

2023-10-11 12:58:02 - [TEST_CASE][PASSED] - Test Cases/Login: Test Cases/Login

2023-10-11 12:58:02 - [TEST_STEP][PASSED] - openBrowser(""): Browser is opened with url: ''

2023-10-11 12:58:02 - [MESSAGE][INFO] - Starting 'Chrome' driver

2023-10-11 12:58:02 - [MESSAGE][INFO] - Action delay is set to 0 milliseconds

2023-10-11 12:58:05 - [MESSAGE][PASSED] - Browser is opened with url: ''

2023-10-11 12:58:05 - [TEST_STEP][PASSED] - navigateToUrl("https://katalon-demo-cura.herokuapp.com/"): Navigate to 'https://katalon-demo-cura.herokuapp.com/' successfully

2023-10-11 12:58:06 - [MESSAGE][PASSED] - Navigate to 'https://katalon-demo-cura.herokuapp.com/' successfully

2023-10-11 12:58:06 - [TEST_STEP][PASSED] - click(findTestObject("Object Repository/Page_CURA Healthcare Service/a_Make Appointment")): Object: 'Object Repository/Page_CURA Healthcare Service/a_Make Appointment' is clicked on

2023-10-11 12:58:07 - [MESSAGE][PASSED] - Object: 'Object Repository/Page_CURA Healthcare Service/a_Make Appointment' is clicked on

2023-10-11 12:58:07 - [TEST_STEP][PASSED] - click(findTestObject("Object Repository/Page_CURA Healthcare Service/body_CURA Healthcare                       _fb9a78")): Object: 'Object Repository/Page_CURA Healthcare Service/body_CURA Healthcare                       _fb9a78' is clicked on

2023-10-11 12:58:07 - [MESSAGE][PASSED] - Object: 'Object Repository/Page_CURA Healthcare Service/body_CURA Healthcare                       _fb9a78' is clicked on

2023-10-11 12:58:07 - [TEST_STEP][PASSED] - setText(findTestObject("Object Repository/Page_CURA Healthcare Service/input_Username_username"), "John Doe"): Text 'John Doe' is set on object 'Object Repository/Page_CURA Healthcare Service/input_Username_username'

2023-10-11 12:58:08 - [MESSAGE][PASSED] - Text 'John Doe' is set on object 'Object Repository/Page_CURA Healthcare Service/input_Username_username'

2023-10-11 12:58:08 - [TEST_STEP][PASSED] - setEncryptedText(findTestObject("Object Repository/Page_CURA Healthcare Service/input_Password_password"), "g3/DOGG74jC3Flrr3yH+3D/yKbOqqUNM"): Text ****** has been set on object 'Object Repository/Page_CURA Healthcare Service/input_Password_password'

2023-10-11 12:58:08 - [MESSAGE][PASSED] - Text ****** has been set on object 'Object Repository/Page_CURA Healthcare Service/input_Password_password'

2023-10-11 12:58:08 - [TEST_STEP][PASSED] - click(findTestObject("Object Repository/Page_CURA Healthcare Service/button_Login")): Object: 'Object Repository/Page_CURA Healthcare Service/button_Login' is clicked on

2023-10-11 12:58:09 - [MESSAGE][PASSED] - Object: 'Object Repository/Page_CURA Healthcare Service/button_Login' is clicked on

2023-10-11 12:58:09 - [MESSAGE][PASSED] - Call Test Case 'Test Cases/Login' successfully

2023-10-11 12:58:09 - [TEST_STEP][PASSED] - maximizeWindow(): Current window maximized

2023-10-11 12:58:09 - [MESSAGE][PASSED] - Current window maximized

2023-10-11 12:58:09 - [TEST_STEP][PASSED] - takeFullPageScreenshotAsCheckpoint("LoginPage"): Taking screenshot successfully

2023-10-11 12:58:11 - [MESSAGE][INFO] - 0 hidden object(s)

2023-10-11 12:58:11 - [MESSAGE][PASSED] - Taking screenshot successfully
[[ATTACHMENT|keyes\keyes-LoginPage.png]]

2023-10-11 12:58:11 - [TEST_STEP][PASSED] - verifyElementPresent(findTestObject("Object Repository/Page_CURA Healthcare Service/h2_Make Appointment"), 0): Object 'Object Repository/Page_CURA Healthcare Service/h2_Make Appointment' is present

2023-10-11 12:58:12 - [MESSAGE][WARNING] - Timeout '0' is invalid. Using default page load timeout: '30'

2023-10-11 12:58:12 - [MESSAGE][PASSED] - Object 'Object Repository/Page_CURA Healthcare Service/h2_Make Appointment' is present

2023-10-11 12:58:12 - [TEST_STEP][PASSED] - verifyElementPresent(findTestObject("Object Repository/Page_CURA Healthcare Service/label_Facility"), 0): Object 'Object Repository/Page_CURA Healthcare Service/label_Facility' is present

2023-10-11 12:58:12 - [MESSAGE][WARNING] - Timeout '0' is invalid. Using default page load timeout: '30'

2023-10-11 12:58:12 - [MESSAGE][PASSED] - Object 'Object Repository/Page_CURA Healthcare Service/label_Facility' is present

2023-10-11 12:58:12 - [TEST_STEP][PASSED] - verifyElementPresent(findTestObject("Object Repository/Page_CURA Healthcare Service/select_Tokyo CURA Healthcare Center        _5b4107"), 0): Object 'Object Repository/Page_CURA Healthcare Service/select_Tokyo CURA Healthcare Center        _5b4107' is present

2023-10-11 12:58:12 - [MESSAGE][WARNING] - Timeout '0' is invalid. Using default page load timeout: '30'

2023-10-11 12:58:12 - [MESSAGE][PASSED] - Object 'Object Repository/Page_CURA Healthcare Service/select_Tokyo CURA Healthcare Center        _5b4107' is present

2023-10-11 12:58:12 - [TEST_STEP][PASSED] - verifyElementPresent(findTestObject("Object Repository/Page_CURA Healthcare Service/label_Apply for hospital readmission"), 0): Object 'Object Repository/Page_CURA Healthcare Service/label_Apply for hospital readmission' is present

2023-10-11 12:58:13 - [MESSAGE][WARNING] - Timeout '0' is invalid. Using default page load timeout: '30'

2023-10-11 12:58:13 - [MESSAGE][PASSED] - Object 'Object Repository/Page_CURA Healthcare Service/label_Apply for hospital readmission' is present

2023-10-11 12:58:13 - [TEST_STEP][PASSED] - verifyElementPresent(findTestObject("Object Repository/Page_CURA Healthcare Service/label_Healthcare Program"), 0): Object 'Object Repository/Page_CURA Healthcare Service/label_Healthcare Program' is present

2023-10-11 12:58:13 - [MESSAGE][WARNING] - Timeout '0' is invalid. Using default page load timeout: '30'

2023-10-11 12:58:13 - [MESSAGE][PASSED] - Object 'Object Repository/Page_CURA Healthcare Service/label_Healthcare Program' is present

2023-10-11 12:58:13 - [TEST_STEP][PASSED] - verifyElementPresent(findTestObject("Object Repository/Page_CURA Healthcare Service/div_Medicare                               _cb3988"), 0): Object 'Object Repository/Page_CURA Healthcare Service/div_Medicare                               _cb3988' is present

2023-10-11 12:58:13 - [MESSAGE][WARNING] - Timeout '0' is invalid. Using default page load timeout: '30'

2023-10-11 12:58:13 - [MESSAGE][PASSED] - Object 'Object Repository/Page_CURA Healthcare Service/div_Medicare                               _cb3988' is present

2023-10-11 12:58:13 - [TEST_STEP][PASSED] - verifyElementPresent(findTestObject("Object Repository/Page_CURA Healthcare Service/label_Visit Date (Required)"), 0): Object 'Object Repository/Page_CURA Healthcare Service/label_Visit Date (Required)' is present

2023-10-11 12:58:14 - [MESSAGE][WARNING] - Timeout '0' is invalid. Using default page load timeout: '30'

2023-10-11 12:58:14 - [MESSAGE][PASSED] - Object 'Object Repository/Page_CURA Healthcare Service/label_Visit Date (Required)' is present

2023-10-11 12:58:14 - [TEST_STEP][PASSED] - verifyElementPresent(findTestObject("Object Repository/Page_CURA Healthcare Service/div_Visit Date (Required)_col-sm-4"), 0): Object 'Object Repository/Page_CURA Healthcare Service/div_Visit Date (Required)_col-sm-4' is present

2023-10-11 12:58:14 - [MESSAGE][WARNING] - Timeout '0' is invalid. Using default page load timeout: '30'

2023-10-11 12:58:14 - [MESSAGE][PASSED] - Object 'Object Repository/Page_CURA Healthcare Service/div_Visit Date (Required)_col-sm-4' is present

2023-10-11 12:58:14 - [TEST_STEP][PASSED] - verifyElementPresent(findTestObject("Object Repository/Page_CURA Healthcare Service/div_Comment"), 0): Object 'Object Repository/Page_CURA Healthcare Service/div_Comment' is present

2023-10-11 12:58:14 - [MESSAGE][WARNING] - Timeout '0' is invalid. Using default page load timeout: '30'

2023-10-11 12:58:14 - [MESSAGE][PASSED] - Object 'Object Repository/Page_CURA Healthcare Service/div_Comment' is present

2023-10-11 12:58:14 - [TEST_STEP][PASSED] - verifyElementPresent(findTestObject("Object Repository/Page_CURA Healthcare Service/button_Book Appointment"), 0): Object 'Object Repository/Page_CURA Healthcare Service/button_Book Appointment' is present

2023-10-11 12:58:14 - [MESSAGE][WARNING] - Timeout '0' is invalid. Using default page load timeout: '30'

2023-10-11 12:58:15 - [MESSAGE][PASSED] - Object 'Object Repository/Page_CURA Healthcare Service/button_Book Appointment' is present

2023-10-11 12:58:15 - [TEST_STEP][PASSED] - closeBrowser(): Browser is closed

2023-10-11 12:58:15 - [MESSAGE][PASSED] - Browser is closed]]></system-out>
         <system-err><![CDATA[]]></system-err>
      </testcase>
      <testcase name="Test Cases/LoginAndVerifyVisible" time="12.683" classname="Test Cases/LoginAndVerifyVisible" status="PASSED">
         <system-out><![CDATA[2023-10-11 12:58:15 - [TEST_CASE][PASSED] - Test Cases/LoginAndVerifyVisible: Test Cases/LoginAndVerifyVisible

2023-10-11 12:58:16 - [TEST_STEP][PASSED] - callTestCase(findTestCase("Login"), [:], STOP_ON_FAILURE): Call Test Case 'Test Cases/Login' successfully

2023-10-11 12:58:16 - [TEST_CASE][PASSED] - Test Cases/Login: Test Cases/Login

2023-10-11 12:58:16 - [TEST_STEP][PASSED] - openBrowser(""): Browser is opened with url: ''

2023-10-11 12:58:16 - [MESSAGE][INFO] - Starting 'Chrome' driver

2023-10-11 12:58:16 - [MESSAGE][INFO] - Action delay is set to 0 milliseconds

2023-10-11 12:58:18 - [MESSAGE][PASSED] - Browser is opened with url: ''

2023-10-11 12:58:18 - [TEST_STEP][PASSED] - navigateToUrl("https://katalon-demo-cura.herokuapp.com/"): Navigate to 'https://katalon-demo-cura.herokuapp.com/' successfully

2023-10-11 12:58:19 - [MESSAGE][PASSED] - Navigate to 'https://katalon-demo-cura.herokuapp.com/' successfully

2023-10-11 12:58:19 - [TEST_STEP][PASSED] - click(findTestObject("Object Repository/Page_CURA Healthcare Service/a_Make Appointment")): Object: 'Object Repository/Page_CURA Healthcare Service/a_Make Appointment' is clicked on

2023-10-11 12:58:19 - [MESSAGE][PASSED] - Object: 'Object Repository/Page_CURA Healthcare Service/a_Make Appointment' is clicked on

2023-10-11 12:58:19 - [TEST_STEP][PASSED] - click(findTestObject("Object Repository/Page_CURA Healthcare Service/body_CURA Healthcare                       _fb9a78")): Object: 'Object Repository/Page_CURA Healthcare Service/body_CURA Healthcare                       _fb9a78' is clicked on

2023-10-11 12:58:20 - [MESSAGE][PASSED] - Object: 'Object Repository/Page_CURA Healthcare Service/body_CURA Healthcare                       _fb9a78' is clicked on

2023-10-11 12:58:20 - [TEST_STEP][PASSED] - setText(findTestObject("Object Repository/Page_CURA Healthcare Service/input_Username_username"), "John Doe"): Text 'John Doe' is set on object 'Object Repository/Page_CURA Healthcare Service/input_Username_username'

2023-10-11 12:58:21 - [MESSAGE][PASSED] - Text 'John Doe' is set on object 'Object Repository/Page_CURA Healthcare Service/input_Username_username'

2023-10-11 12:58:21 - [TEST_STEP][PASSED] - setEncryptedText(findTestObject("Object Repository/Page_CURA Healthcare Service/input_Password_password"), "g3/DOGG74jC3Flrr3yH+3D/yKbOqqUNM"): Text ****** has been set on object 'Object Repository/Page_CURA Healthcare Service/input_Password_password'

2023-10-11 12:58:21 - [MESSAGE][PASSED] - Text ****** has been set on object 'Object Repository/Page_CURA Healthcare Service/input_Password_password'

2023-10-11 12:58:21 - [TEST_STEP][PASSED] - click(findTestObject("Object Repository/Page_CURA Healthcare Service/button_Login")): Object: 'Object Repository/Page_CURA Healthcare Service/button_Login' is clicked on

2023-10-11 12:58:22 - [MESSAGE][PASSED] - Object: 'Object Repository/Page_CURA Healthcare Service/button_Login' is clicked on

2023-10-11 12:58:22 - [MESSAGE][PASSED] - Call Test Case 'Test Cases/Login' successfully

2023-10-11 12:58:22 - [TEST_STEP][PASSED] - maximizeWindow(): Current window maximized

2023-10-11 12:58:22 - [MESSAGE][PASSED] - Current window maximized

2023-10-11 12:58:22 - [TEST_STEP][PASSED] - waitForPageLoad(0): Wait for page load successfully

2023-10-11 12:58:22 - [MESSAGE][WARNING] - Timeout '0' is invalid. Using default page load timeout: '30'

2023-10-11 12:58:22 - [MESSAGE][PASSED] - Wait for page load successfully

2023-10-11 12:58:22 - [TEST_STEP][PASSED] - takeFullPageScreenshotAsCheckpoint("LoginPage"): Taking screenshot successfully

2023-10-11 12:58:24 - [MESSAGE][INFO] - 0 hidden object(s)

2023-10-11 12:58:24 - [MESSAGE][PASSED] - Taking screenshot successfully
[[ATTACHMENT|keyes\keyes-LoginPage.png]]

2023-10-11 12:58:24 - [TEST_STEP][PASSED] - verifyElementVisible(findTestObject("Object Repository/Page_CURA Healthcare Service/h2_Make Appointment"), STOP_ON_FAILURE): Object 'Object Repository/Page_CURA Healthcare Service/h2_Make Appointment' is visible

2023-10-11 12:58:24 - [MESSAGE][PASSED] - Object 'Object Repository/Page_CURA Healthcare Service/h2_Make Appointment' is visible

2023-10-11 12:58:24 - [TEST_STEP][PASSED] - verifyElementVisible(findTestObject("Object Repository/Page_CURA Healthcare Service/label_Facility"), STOP_ON_FAILURE): Object 'Object Repository/Page_CURA Healthcare Service/label_Facility' is visible

2023-10-11 12:58:25 - [MESSAGE][PASSED] - Object 'Object Repository/Page_CURA Healthcare Service/label_Facility' is visible

2023-10-11 12:58:25 - [TEST_STEP][PASSED] - verifyElementVisible(findTestObject("Object Repository/Page_CURA Healthcare Service/select_Tokyo CURA Healthcare Center        _5b4107"), STOP_ON_FAILURE): Object 'Object Repository/Page_CURA Healthcare Service/select_Tokyo CURA Healthcare Center        _5b4107' is visible

2023-10-11 12:58:25 - [MESSAGE][PASSED] - Object 'Object Repository/Page_CURA Healthcare Service/select_Tokyo CURA Healthcare Center        _5b4107' is visible

2023-10-11 12:58:25 - [TEST_STEP][PASSED] - verifyElementVisible(findTestObject("Object Repository/Page_CURA Healthcare Service/label_Apply for hospital readmission"), STOP_ON_FAILURE): Object 'Object Repository/Page_CURA Healthcare Service/label_Apply for hospital readmission' is visible

2023-10-11 12:58:25 - [MESSAGE][PASSED] - Object 'Object Repository/Page_CURA Healthcare Service/label_Apply for hospital readmission' is visible

2023-10-11 12:58:25 - [TEST_STEP][PASSED] - verifyElementVisible(findTestObject("Object Repository/Page_CURA Healthcare Service/label_Healthcare Program"), STOP_ON_FAILURE): Object 'Object Repository/Page_CURA Healthcare Service/label_Healthcare Program' is visible

2023-10-11 12:58:26 - [MESSAGE][PASSED] - Object 'Object Repository/Page_CURA Healthcare Service/label_Healthcare Program' is visible

2023-10-11 12:58:26 - [TEST_STEP][PASSED] - verifyElementVisible(findTestObject("Object Repository/Page_CURA Healthcare Service/div_Medicare                               _cb3988"), STOP_ON_FAILURE): Object 'Object Repository/Page_CURA Healthcare Service/div_Medicare                               _cb3988' is visible

2023-10-11 12:58:26 - [MESSAGE][PASSED] - Object 'Object Repository/Page_CURA Healthcare Service/div_Medicare                               _cb3988' is visible

2023-10-11 12:58:26 - [TEST_STEP][PASSED] - verifyElementVisible(findTestObject("Object Repository/Page_CURA Healthcare Service/label_Visit Date (Required)"), STOP_ON_FAILURE): Object 'Object Repository/Page_CURA Healthcare Service/label_Visit Date (Required)' is visible

2023-10-11 12:58:26 - [MESSAGE][PASSED] - Object 'Object Repository/Page_CURA Healthcare Service/label_Visit Date (Required)' is visible

2023-10-11 12:58:26 - [TEST_STEP][PASSED] - verifyElementVisible(findTestObject("Object Repository/Page_CURA Healthcare Service/div_Visit Date (Required)_col-sm-4"), STOP_ON_FAILURE): Object 'Object Repository/Page_CURA Healthcare Service/div_Visit Date (Required)_col-sm-4' is visible

2023-10-11 12:58:27 - [MESSAGE][PASSED] - Object 'Object Repository/Page_CURA Healthcare Service/div_Visit Date (Required)_col-sm-4' is visible

2023-10-11 12:58:27 - [TEST_STEP][PASSED] - verifyElementVisible(findTestObject("Object Repository/Page_CURA Healthcare Service/div_Comment"), STOP_ON_FAILURE): Object 'Object Repository/Page_CURA Healthcare Service/div_Comment' is visible

2023-10-11 12:58:27 - [MESSAGE][PASSED] - Object 'Object Repository/Page_CURA Healthcare Service/div_Comment' is visible

2023-10-11 12:58:27 - [TEST_STEP][PASSED] - verifyElementVisible(findTestObject("Object Repository/Page_CURA Healthcare Service/button_Book Appointment"), STOP_ON_FAILURE): Object 'Object Repository/Page_CURA Healthcare Service/button_Book Appointment' is visible

2023-10-11 12:58:27 - [MESSAGE][PASSED] - Object 'Object Repository/Page_CURA Healthcare Service/button_Book Appointment' is visible

2023-10-11 12:58:27 - [TEST_STEP][PASSED] - closeBrowser(): Browser is closed

2023-10-11 12:58:28 - [MESSAGE][PASSED] - Browser is closed]]></system-out>
         <system-err><![CDATA[]]></system-err>
      </testcase>
      <system-out><![CDATA[2023-10-11 12:58:01 - [TEST_SUITE][PASSED] - VerifyLoginEles: Test Cases/LoginAndVerifyVisible]]></system-out>
      <system-err><![CDATA[]]></system-err>
   </testsuite>
</testsuites>
